<?xml version="1.0" encoding="UTF-8"?>
<!-- Generated by org.testng.reporters.JUnitXMLReporter -->
<testsuite ignored="0" hostname="DESKTOP-73VT5SL" failures="0" tests="7" name="Default test" time="780.907" errors="0" timestamp="2024-06-17T17:42:47 IST">
  <testcase classname="smoke_Suite.ALC_4360" name="makeTransaction" time="195.393"/>
  <testcase classname="smoke_Suite.ALC_4360" name="verifyKgRecycledAndDelayedBonus" time="168.246"/>
  <testcase classname="smoke_Suite.ALC_4360" name="verifyDelayedBonusInApp" time="140.291"/>
  <testcase classname="smoke_Suite.ALC_4360" name="verifyBuySellTransactionInBonusOrder" time="54.08"/>
  <testcase classname="smoke_Suite.ALC_4360" name="disablebonusAndVerifyExchangeHistory" time="39.091"/>
  <testcase classname="smoke_Suite.ALC_4360" name="verifyBuySellRemovedBonusInBonusOrderSummary" time="21.619"/>
  <testcase classname="smoke_Suite.ALC_4360" name="delayedBonusRemovedInApp" time="132.666"/>
</testsuite> <!-- Default test -->
