<?xml version="1.0" encoding="UTF-8"?>
<testsuite xmlns:xsi="http://www.w3.org/2001/XMLSchema-instance" xsi:noNamespaceSchemaLocation="https://maven.apache.org/surefire/maven-surefire-plugin/xsd/surefire-test-report-3.0.xsd" version="3.0" name="smoke_Suite.ALC_4351" time="2,287.236" tests="18" errors="0" skipped="8" failures="6">
  <properties>
[...]
</properties>
  <testcase name="openRegisterdBranchInApp" classname="smoke_Suite.ALC_4351" time="132.898">
    <system-out><![CDATA[Android benefit Name :androidesxME
Benefit Name :fleekRZSvz
Benefit Order Name :mainakfleekdlfzD
Bonus Name :FleekBonuscAyqg
Branch Member Name :Gayas eqXPu
Branch Name :Gayas awzes
Branch Member Number : +6323565978
Member Name : Gayas XggTi
Member Number :+6396244174
Microsoft Windows [Version 10.0.22631.3296]
(c) Microsoft Corporation. All rights reserved.

C:\Users\Fleek\Downloads\PlasticBank\com.plasticbank_new.actual>newman run createamember.postman_collection.json --export-environment variable_4864.json
newman

createamember

â–¡ ALC-4357 / Create Member Data
â”” Register Member
  â”Œ
  â”‚ 'Member Phone Number :', '+639057220695'
  â””
  POST https://upgradepb.cognitionfoundry.io/register [200 OK, 3.48kB, 4.4s]
  âˆš  Status code is 200 (OK)

â”” Login
  POST https://upgradepb.cognitionfoundry.io/login [200 OK, 3.71kB, 624ms]
  âˆš  Status code is 200 (OK)

â”Œâ”€â”€â”€â”€â”€â”€â”€â”€â”€â”€â”€â”€â”€â”€â”€â”€â”€â”€â”€â”€â”€â”€â”€â”€â”€â”¬â”€â”€â”€â”€â”€â”€â”€â”€â”€â”€â”€â”€â”€â”€â”€â”€â”€â”€â”€â”€â”¬â”€â”€â”€â”€â”€â”€â”€â”€â”€â”€â”€â”€â”€â”€â”€â”€â”€â”€â”€â”€â”�
â”‚                         â”‚           executed â”‚             failed â”‚
â”œâ”€â”€â”€â”€â”€â”€â”€â”€â”€â”€â”€â”€â”€â”€â”€â”€â”€â”€â”€â”€â”€â”€â”€â”€â”€â”¼â”€â”€â”€â”€â”€â”€â”€â”€â”€â”€â”€â”€â”€â”€â”€â”€â”€â”€â”€â”€â”¼â”€â”€â”€â”€â”€â”€â”€â”€â”€â”€â”€â”€â”€â”€â”€â”€â”€â”€â”€â”€â”¤
â”‚              iterations â”‚                  1 â”‚                  0 â”‚
â”œâ”€â”€â”€â”€â”€â”€â”€â”€â”€â”€â”€â”€â”€â”€â”€â”€â”€â”€â”€â”€â”€â”€â”€â”€â”€â”¼â”€â”€â”€â”€â”€â”€â”€â”€â”€â”€â”€â”€â”€â”€â”€â”€â”€â”€â”€â”€â”¼â”€â”€â”€â”€â”€â”€â”€â”€â”€â”€â”€â”€â”€â”€â”€â”€â”€â”€â”€â”€â”¤
â”‚                requests â”‚                  2 â”‚                  0 â”‚
â”œâ”€â”€â”€â”€â”€â”€â”€â”€â”€â”€â”€â”€â”€â”€â”€â”€â”€â”€â”€â”€â”€â”€â”€â”€â”€â”¼â”€â”€â”€â”€â”€â”€â”€â”€â”€â”€â”€â”€â”€â”€â”€â”€â”€â”€â”€â”€â”¼â”€â”€â”€â”€â”€â”€â”€â”€â”€â”€â”€â”€â”€â”€â”€â”€â”€â”€â”€â”€â”¤
â”‚            test-scripts â”‚                  4 â”‚                  0 â”‚
â”œâ”€â”€â”€â”€â”€â”€â”€â”€â”€â”€â”€â”€â”€â”€â”€â”€â”€â”€â”€â”€â”€â”€â”€â”€â”€â”¼â”€â”€â”€â”€â”€â”€â”€â”€â”€â”€â”€â”€â”€â”€â”€â”€â”€â”€â”€â”€â”¼â”€â”€â”€â”€â”€â”€â”€â”€â”€â”€â”€â”€â”€â”€â”€â”€â”€â”€â”€â”€â”¤
â”‚      prerequest-scripts â”‚                  4 â”‚                  0 â”‚
â”œâ”€â”€â”€â”€â”€â”€â”€â”€â”€â”€â”€â”€â”€â”€â”€â”€â”€â”€â”€â”€â”€â”€â”€â”€â”€â”¼â”€â”€â”€â”€â”€â”€â”€â”€â”€â”€â”€â”€â”€â”€â”€â”€â”€â”€â”€â”€â”¼â”€â”€â”€â”€â”€â”€â”€â”€â”€â”€â”€â”€â”€â”€â”€â”€â”€â”€â”€â”€â”¤
â”‚              assertions â”‚                  2 â”‚                  0 â”‚
â”œâ”€â”€â”€â”€â”€â”€â”€â”€â”€â”€â”€â”€â”€â”€â”€â”€â”€â”€â”€â”€â”€â”€â”€â”€â”€â”´â”€â”€â”€â”€â”€â”€â”€â”€â”€â”€â”€â”€â”€â”€â”€â”€â”€â”€â”€â”€â”´â”€â”€â”€â”€â”€â”€â”€â”€â”€â”€â”€â”€â”€â”€â”€â”€â”€â”€â”€â”€â”¤
â”‚ total run duration: 5.3s                                          â”‚
â”œâ”€â”€â”€â”€â”€â”€â”€â”€â”€â”€â”€â”€â”€â”€â”€â”€â”€â”€â”€â”€â”€â”€â”€â”€â”€â”€â”€â”€â”€â”€â”€â”€â”€â”€â”€â”€â”€â”€â”€â”€â”€â”€â”€â”€â”€â”€â”€â”€â”€â”€â”€â”€â”€â”€â”€â”€â”€â”€â”€â”€â”€â”€â”€â”€â”€â”€â”€â”¤
â”‚ total data received: 6.29kB (approx)                              â”‚
â”œâ”€â”€â”€â”€â”€â”€â”€â”€â”€â”€â”€â”€â”€â”€â”€â”€â”€â”€â”€â”€â”€â”€â”€â”€â”€â”€â”€â”€â”€â”€â”€â”€â”€â”€â”€â”€â”€â”€â”€â”€â”€â”€â”€â”€â”€â”€â”€â”€â”€â”€â”€â”€â”€â”€â”€â”€â”€â”€â”€â”€â”€â”€â”€â”€â”€â”€â”€â”¤
â”‚ average response time: 2.5s [min: 624ms, max: 4.4s, s.d.: 1933ms] â”‚
â””â”€â”€â”€â”€â”€â”€â”€â”€â”€â”€â”€â”€â”€â”€â”€â”€â”€â”€â”€â”€â”€â”€â”€â”€â”€â”€â”€â”€â”€â”€â”€â”€â”€â”€â”€â”€â”€â”€â”€â”€â”€â”€â”€â”€â”€â”€â”€â”€â”€â”€â”€â”€â”€â”€â”€â”€â”€â”€â”€â”€â”€â”€â”€â”€â”€â”€â”€â”˜

C:\Users\Fleek\Downloads\PlasticBank\com.plasticbank_new.actual>
Process completed with exit code: 0
m1randomUsername: FleekIZhuBm
m1randomNumber: +639057220695
]]></system-out>
    <system-err><![CDATA[Apr 11, 2024 4:19:06 PM org.openqa.selenium.devtools.CdpVersionFinder findNearestMatch
WARNING: Unable to find CDP implementation matching 123
Apr 11, 2024 4:19:06 PM org.openqa.selenium.chromium.ChromiumDriver lambda$new$5
WARNING: Unable to find version of CDP to use for 123.0.6312.106. You may need to include a dependency on a specific version of the CDP using something similar to `org.seleniumhq.selenium:selenium-devtools-v86:4.13.0` where the version ("v86") matches the version of the chromium-based browser you're using and the version number of the artifact is the same as Selenium's.
]]></system-err>
  </testcase>
  <testcase name="branchVerifyAndEdit" classname="smoke_Suite.ALC_4351" time="42.084">
    <system-out><![CDATA[Edit Branch Details Name
Member Phone number in suspend branch edit +6396244174
]]></system-out>
  </testcase>
  <testcase name="verifyEditInApp" classname="smoke_Suite.ALC_4351" time="45.718"/>
  <testcase name="suspendBranch" classname="smoke_Suite.ALC_4351" time="87.588">
    <failure type="java.lang.AssertionError"><![CDATA[java.lang.AssertionError
	at smoke_Suite.ALC_4351.suspendBranch(ALC_4351.java:73)
]]></failure>
    <system-out><![CDATA[Suspending the Branch Account
Member Phone number in suspend branch +6396244174
]]></system-out>
  </testcase>
  <testcase name="verifySuspendedAccount" classname="smoke_Suite.ALC_4351" time="63.775">
    <failure message="Can&apos;t locate an element by this strategy: By.chained({AppiumBy.androidUIAutomator: new UiSelector().textContains(&quot;Account Suspended&quot;)})" type="org.openqa.selenium.NoSuchElementException"><![CDATA[org.openqa.selenium.NoSuchElementException: Can't locate an element by this strategy: By.chained({AppiumBy.androidUIAutomator: new UiSelector().textContains("Account Suspended")})
	at smoke_Suite.ALC_4351.verifySuspendedAccount(ALC_4351.java:89)
Caused by: org.openqa.selenium.TimeoutException: Expected condition failed: waiting for io.appium.java_client.pagefactory.AppiumElementLocator$WaitingFunction@1b1e54e8 (tried for 1 second(s) with 500 milliseconds interval)
	at smoke_Suite.ALC_4351.verifySuspendedAccount(ALC_4351.java:89)
Caused by: org.openqa.selenium.NoSuchElementException: 
Cannot locate an element using By.chained({AppiumBy.androidUIAutomator: new UiSelector().textContains("Account Suspended")})
For documentation on this error, please visit: https://www.selenium.dev/documentation/webdriver/troubleshooting/errors#no-such-element-exception
Build info: version: '4.13.0', revision: 'ba948ece5b*'
System info: os.name: 'Windows 11', os.arch: 'amd64', os.version: '10.0', java.version: '17.0.6'
Driver info: driver.version: RemoteWebDriver
	at smoke_Suite.ALC_4351.verifySuspendedAccount(ALC_4351.java:89)
]]></failure>
    <system-out><![CDATA[Verify suspend Account in App
]]></system-out>
  </testcase>
  <testcase name="verifysuspension" classname="smoke_Suite.ALC_4351" time="8.903"/>
  <testcase name="signupasbranchdirectly" classname="smoke_Suite.ALC_4351" time="66.405">
    <failure message="Can&apos;t locate an element by this strategy: By.chained({AppiumBy.androidUIAutomator: new UiSelector().text(&quot;Show year picker&quot;)})" type="org.openqa.selenium.NoSuchElementException"><![CDATA[org.openqa.selenium.NoSuchElementException: Can't locate an element by this strategy: By.chained({AppiumBy.androidUIAutomator: new UiSelector().text("Show year picker")})
	at smoke_Suite.ALC_4351.signupasbranchdirectly(ALC_4351.java:105)
Caused by: org.openqa.selenium.TimeoutException: Expected condition failed: waiting for io.appium.java_client.pagefactory.AppiumElementLocator$WaitingFunction@1c486bf5 (tried for 1 second(s) with 500 milliseconds interval)
	at smoke_Suite.ALC_4351.signupasbranchdirectly(ALC_4351.java:105)
Caused by: org.openqa.selenium.NoSuchElementException: 
Cannot locate an element using By.chained({AppiumBy.androidUIAutomator: new UiSelector().text("Show year picker")})
For documentation on this error, please visit: https://www.selenium.dev/documentation/webdriver/troubleshooting/errors#no-such-element-exception
Build info: version: '4.13.0', revision: 'ba948ece5b*'
System info: os.name: 'Windows 11', os.arch: 'amd64', os.version: '10.0', java.version: '17.0.6'
Driver info: driver.version: RemoteWebDriver
	at smoke_Suite.ALC_4351.signupasbranchdirectly(ALC_4351.java:105)
]]></failure>
    <system-out><![CDATA[String has been copied to clipboard: Mainak ObQUi
96244174
String has been copied to clipboard: 96244174
]]></system-out>
  </testcase>
  <testcase name="direct_branchVerifyAndEdit" classname="smoke_Suite.ALC_4351" time="1.191">
    <failure message="element click intercepted: Element &lt;div _ngcontent-bun-c124=&quot;&quot; class=&quot;sidebar-item ng-star-inserted sidebar-item-selected&quot;&gt;...&lt;/div&gt; is not clickable at point (95, 513). Other element would receive the click: &lt;ngb-modal-window role=&quot;dialog&quot; tabindex=&quot;-1&quot; aria-modal=&quot;true&quot; class=&quot;d-block modal fade show&quot;&gt;...&lt;/ngb-modal-window&gt;&#10;  (Session info: chrome=123.0.6312.106)&#10;Build info: version: &apos;4.13.0&apos;, revision: &apos;ba948ece5b*&apos;&#10;System info: os.name: &apos;Windows 11&apos;, os.arch: &apos;amd64&apos;, os.version: &apos;10.0&apos;, java.version: &apos;17.0.6&apos;&#10;Driver info: org.openqa.selenium.chrome.ChromeDriver&#10;Command: [b77e15913a9487356a4929de761a3582, clickElement {id=f.3E3FA02DD740A9D8E2F971571252A04C.d.74F0E68C3B983D8EE4D5DAD9E238F1C9.e.57}]&#10;Capabilities {acceptInsecureCerts: false, browserName: chrome, browserVersion: 123.0.6312.106, chrome: {chromedriverVersion: 123.0.6312.122 (31f8248cdd9..., userDataDir: C:\Users\Fleek\AppData\Loca...}, fedcm:accounts: true, goog:chromeOptions: {debuggerAddress: localhost:51975}, networkConnectionEnabled: false, pageLoadStrategy: normal, platformName: windows, proxy: Proxy(), se:cdp: ws://localhost:51975/devtoo..., se:cdpVersion: 123.0.6312.106, setWindowRect: true, strictFileInteractability: false, timeouts: {implicit: 0, pageLoad: 300000, script: 30000}, unhandledPromptBehavior: dismiss and notify, webauthn:extension:credBlob: true, webauthn:extension:largeBlob: true, webauthn:extension:minPinLength: true, webauthn:extension:prf: true, webauthn:virtualAuthenticators: true}&#10;Element: [[ChromeDriver: chrome on windows (b77e15913a9487356a4929de761a3582)] -&gt; xpath: //div[@class=&apos;body&apos;]/div/div/div[text()=&apos; Branches &apos;]]&#10;Session ID: b77e15913a9487356a4929de761a3582" type="org.openqa.selenium.ElementClickInterceptedException"><![CDATA[org.openqa.selenium.ElementClickInterceptedException: 
element click intercepted: Element <div _ngcontent-bun-c124="" class="sidebar-item ng-star-inserted sidebar-item-selected">...</div> is not clickable at point (95, 513). Other element would receive the click: <ngb-modal-window role="dialog" tabindex="-1" aria-modal="true" class="d-block modal fade show">...</ngb-modal-window>
  (Session info: chrome=123.0.6312.106)
Build info: version: '4.13.0', revision: 'ba948ece5b*'
System info: os.name: 'Windows 11', os.arch: 'amd64', os.version: '10.0', java.version: '17.0.6'
Driver info: org.openqa.selenium.chrome.ChromeDriver
Command: [b77e15913a9487356a4929de761a3582, clickElement {id=f.3E3FA02DD740A9D8E2F971571252A04C.d.74F0E68C3B983D8EE4D5DAD9E238F1C9.e.57}]
Capabilities {acceptInsecureCerts: false, browserName: chrome, browserVersion: 123.0.6312.106, chrome: {chromedriverVersion: 123.0.6312.122 (31f8248cdd9..., userDataDir: C:\Users\Fleek\AppData\Loca...}, fedcm:accounts: true, goog:chromeOptions: {debuggerAddress: localhost:51975}, networkConnectionEnabled: false, pageLoadStrategy: normal, platformName: windows, proxy: Proxy(), se:cdp: ws://localhost:51975/devtoo..., se:cdpVersion: 123.0.6312.106, setWindowRect: true, strictFileInteractability: false, timeouts: {implicit: 0, pageLoad: 300000, script: 30000}, unhandledPromptBehavior: dismiss and notify, webauthn:extension:credBlob: true, webauthn:extension:largeBlob: true, webauthn:extension:minPinLength: true, webauthn:extension:prf: true, webauthn:virtualAuthenticators: true}
Element: [[ChromeDriver: chrome on windows (b77e15913a9487356a4929de761a3582)] -> xpath: //div[@class='body']/div/div/div[text()=' Branches ']]
Session ID: b77e15913a9487356a4929de761a3582
	at smoke_Suite.ALC_4351.direct_branchVerifyAndEdit(ALC_4351.java:112)
]]></failure>
    <system-out><![CDATA[Member Phone number in suspend branch edit +6396244174
]]></system-out>
  </testcase>
  <testcase name="verifyEditInAppagain" classname="smoke_Suite.ALC_4351" time="1,811.996">
    <failure message="Expected condition failed: waiting for condition (visibility of Located by By.chained({AppiumBy.androidUIAutomator: new UiSelector().text(&quot;Log in&quot;).instance(1)})) to be refreshed (tried for 300 second(s) with 500 milliseconds interval)" type="org.openqa.selenium.TimeoutException"><![CDATA[org.openqa.selenium.TimeoutException: Expected condition failed: waiting for condition (visibility of Located by By.chained({AppiumBy.androidUIAutomator: new UiSelector().text("Log in").instance(1)})) to be refreshed (tried for 300 second(s) with 500 milliseconds interval)
	at smoke_Suite.ALC_4351.verifyEditInAppagain(ALC_4351.java:119)
Caused by: org.openqa.selenium.NoSuchElementException: Can't locate an element by this strategy: By.chained({AppiumBy.androidUIAutomator: new UiSelector().text("Log in").instance(1)})
	at smoke_Suite.ALC_4351.verifyEditInAppagain(ALC_4351.java:119)
Caused by: org.openqa.selenium.TimeoutException: Expected condition failed: waiting for io.appium.java_client.pagefactory.AppiumElementLocator$WaitingFunction@44607320 (tried for 1 second(s) with 500 milliseconds interval)
	at smoke_Suite.ALC_4351.verifyEditInAppagain(ALC_4351.java:119)
Caused by: org.openqa.selenium.NoSuchElementException: 
Cannot locate an element using By.chained({AppiumBy.androidUIAutomator: new UiSelector().text("Log in").instance(1)})
For documentation on this error, please visit: https://www.selenium.dev/documentation/webdriver/troubleshooting/errors#no-such-element-exception
Build info: version: '4.13.0', revision: 'ba948ece5b*'
System info: os.name: 'Windows 11', os.arch: 'amd64', os.version: '10.0', java.version: '17.0.6'
Driver info: driver.version: RemoteWebDriver
	at smoke_Suite.ALC_4351.verifyEditInAppagain(ALC_4351.java:119)
]]></failure>
  </testcase>
  <testcase name="afterMethod[[TestResult name=verifyEditInAppagain status=FAILURE method=ALC_4351.verifyEditInAppagain()[pri:8, instance:smoke_Suite.ALC_4351@6f01b95f] output={null}]](0)" classname="smoke_Suite.ALC_4351" time="1,812.199">
    <failure message="disconnected: not connected to DevTools&#10;  (failed to check if window was closed: disconnected: not connected to DevTools)&#10;  (Session info: chrome=123.0.6312.106)&#10;Build info: version: &apos;4.13.0&apos;, revision: &apos;ba948ece5b*&apos;&#10;System info: os.name: &apos;Windows 11&apos;, os.arch: &apos;amd64&apos;, os.version: &apos;10.0&apos;, java.version: &apos;17.0.6&apos;&#10;Driver info: org.openqa.selenium.chrome.ChromeDriver&#10;Command: [b77e15913a9487356a4929de761a3582, screenshot {}]&#10;Capabilities {acceptInsecureCerts: false, browserName: chrome, browserVersion: 123.0.6312.106, chrome: {chromedriverVersion: 123.0.6312.122 (31f8248cdd9..., userDataDir: C:\Users\Fleek\AppData\Loca...}, fedcm:accounts: true, goog:chromeOptions: {debuggerAddress: localhost:51975}, networkConnectionEnabled: false, pageLoadStrategy: normal, platformName: windows, proxy: Proxy(), se:cdp: ws://localhost:51975/devtoo..., se:cdpVersion: 123.0.6312.106, setWindowRect: true, strictFileInteractability: false, timeouts: {implicit: 0, pageLoad: 300000, script: 30000}, unhandledPromptBehavior: dismiss and notify, webauthn:extension:credBlob: true, webauthn:extension:largeBlob: true, webauthn:extension:minPinLength: true, webauthn:extension:prf: true, webauthn:virtualAuthenticators: true}&#10;Session ID: b77e15913a9487356a4929de761a3582" type="org.openqa.selenium.WebDriverException"><![CDATA[org.openqa.selenium.WebDriverException: 
disconnected: not connected to DevTools
  (failed to check if window was closed: disconnected: not connected to DevTools)
  (Session info: chrome=123.0.6312.106)
Build info: version: '4.13.0', revision: 'ba948ece5b*'
System info: os.name: 'Windows 11', os.arch: 'amd64', os.version: '10.0', java.version: '17.0.6'
Driver info: org.openqa.selenium.chrome.ChromeDriver
Command: [b77e15913a9487356a4929de761a3582, screenshot {}]
Capabilities {acceptInsecureCerts: false, browserName: chrome, browserVersion: 123.0.6312.106, chrome: {chromedriverVersion: 123.0.6312.122 (31f8248cdd9..., userDataDir: C:\Users\Fleek\AppData\Loca...}, fedcm:accounts: true, goog:chromeOptions: {debuggerAddress: localhost:51975}, networkConnectionEnabled: false, pageLoadStrategy: normal, platformName: windows, proxy: Proxy(), se:cdp: ws://localhost:51975/devtoo..., se:cdpVersion: 123.0.6312.106, setWindowRect: true, strictFileInteractability: false, timeouts: {implicit: 0, pageLoad: 300000, script: 30000}, unhandledPromptBehavior: dismiss and notify, webauthn:extension:credBlob: true, webauthn:extension:largeBlob: true, webauthn:extension:minPinLength: true, webauthn:extension:prf: true, webauthn:virtualAuthenticators: true}
Session ID: b77e15913a9487356a4929de761a3582
]]></failure>
  </testcase>
  <testcase name="suspendBranchagain" classname="smoke_Suite.ALC_4351" time="0">
    <skipped message="disconnected: not connected to DevTools&#10;  (failed to check if window was closed: disconnected: not connected to DevTools)&#10;  (Session info: chrome=123.0.6312.106)&#10;Build info: version: &apos;4.13.0&apos;, revision: &apos;ba948ece5b*&apos;&#10;System info: os.name: &apos;Windows 11&apos;, os.arch: &apos;amd64&apos;, os.version: &apos;10.0&apos;, java.version: &apos;17.0.6&apos;&#10;Driver info: org.openqa.selenium.chrome.ChromeDriver&#10;Command: [b77e15913a9487356a4929de761a3582, screenshot {}]&#10;Capabilities {acceptInsecureCerts: false, browserName: chrome, browserVersion: 123.0.6312.106, chrome: {chromedriverVersion: 123.0.6312.122 (31f8248cdd9..., userDataDir: C:\Users\Fleek\AppData\Loca...}, fedcm:accounts: true, goog:chromeOptions: {debuggerAddress: localhost:51975}, networkConnectionEnabled: false, pageLoadStrategy: normal, platformName: windows, proxy: Proxy(), se:cdp: ws://localhost:51975/devtoo..., se:cdpVersion: 123.0.6312.106, setWindowRect: true, strictFileInteractability: false, timeouts: {implicit: 0, pageLoad: 300000, script: 30000}, unhandledPromptBehavior: dismiss and notify, webauthn:extension:credBlob: true, webauthn:extension:largeBlob: true, webauthn:extension:minPinLength: true, webauthn:extension:prf: true, webauthn:virtualAuthenticators: true}&#10;Session ID: b77e15913a9487356a4929de761a3582"/>
  </testcase>
  <testcase name="afterMethod" classname="smoke_Suite.ALC_4351" time="0">
    <skipped/>
  </testcase>
  <testcase name="afterMethod" classname="smoke_Suite.ALC_4351" time="0">
    <skipped/>
  </testcase>
  <testcase name="afterMethod" classname="smoke_Suite.ALC_4351" time="0">
    <skipped/>
  </testcase>
  <testcase name="verifySuspendedAccountsecondtime" classname="smoke_Suite.ALC_4351" time="0">
    <skipped message="disconnected: not connected to DevTools&#10;  (failed to check if window was closed: disconnected: not connected to DevTools)&#10;  (Session info: chrome=123.0.6312.106)&#10;Build info: version: &apos;4.13.0&apos;, revision: &apos;ba948ece5b*&apos;&#10;System info: os.name: &apos;Windows 11&apos;, os.arch: &apos;amd64&apos;, os.version: &apos;10.0&apos;, java.version: &apos;17.0.6&apos;&#10;Driver info: org.openqa.selenium.chrome.ChromeDriver&#10;Command: [b77e15913a9487356a4929de761a3582, screenshot {}]&#10;Capabilities {acceptInsecureCerts: false, browserName: chrome, browserVersion: 123.0.6312.106, chrome: {chromedriverVersion: 123.0.6312.122 (31f8248cdd9..., userDataDir: C:\Users\Fleek\AppData\Loca...}, fedcm:accounts: true, goog:chromeOptions: {debuggerAddress: localhost:51975}, networkConnectionEnabled: false, pageLoadStrategy: normal, platformName: windows, proxy: Proxy(), se:cdp: ws://localhost:51975/devtoo..., se:cdpVersion: 123.0.6312.106, setWindowRect: true, strictFileInteractability: false, timeouts: {implicit: 0, pageLoad: 300000, script: 30000}, unhandledPromptBehavior: dismiss and notify, webauthn:extension:credBlob: true, webauthn:extension:largeBlob: true, webauthn:extension:minPinLength: true, webauthn:extension:prf: true, webauthn:virtualAuthenticators: true}&#10;Session ID: b77e15913a9487356a4929de761a3582"/>
  </testcase>
  <testcase name="verifysuspension2" classname="smoke_Suite.ALC_4351" time="0">
    <skipped message="disconnected: not connected to DevTools&#10;  (failed to check if window was closed: disconnected: not connected to DevTools)&#10;  (Session info: chrome=123.0.6312.106)&#10;Build info: version: &apos;4.13.0&apos;, revision: &apos;ba948ece5b*&apos;&#10;System info: os.name: &apos;Windows 11&apos;, os.arch: &apos;amd64&apos;, os.version: &apos;10.0&apos;, java.version: &apos;17.0.6&apos;&#10;Driver info: org.openqa.selenium.chrome.ChromeDriver&#10;Command: [b77e15913a9487356a4929de761a3582, screenshot {}]&#10;Capabilities {acceptInsecureCerts: false, browserName: chrome, browserVersion: 123.0.6312.106, chrome: {chromedriverVersion: 123.0.6312.122 (31f8248cdd9..., userDataDir: C:\Users\Fleek\AppData\Loca...}, fedcm:accounts: true, goog:chromeOptions: {debuggerAddress: localhost:51975}, networkConnectionEnabled: false, pageLoadStrategy: normal, platformName: windows, proxy: Proxy(), se:cdp: ws://localhost:51975/devtoo..., se:cdpVersion: 123.0.6312.106, setWindowRect: true, strictFileInteractability: false, timeouts: {implicit: 0, pageLoad: 300000, script: 30000}, unhandledPromptBehavior: dismiss and notify, webauthn:extension:credBlob: true, webauthn:extension:largeBlob: true, webauthn:extension:minPinLength: true, webauthn:extension:prf: true, webauthn:virtualAuthenticators: true}&#10;Session ID: b77e15913a9487356a4929de761a3582"/>
  </testcase>
  <testcase name="teardownalchemy" classname="smoke_Suite.ALC_4351" time="0">
    <skipped/>
  </testcase>
  <testcase name="teardownapp" classname="smoke_Suite.ALC_4351" time="0">
    <skipped/>
  </testcase>
</testsuite>