<?xml version="1.0" encoding="UTF-8"?>
<testsuite xmlns:xsi="http://www.w3.org/2001/XMLSchema-instance" xsi:noNamespaceSchemaLocation="https://maven.apache.org/surefire/maven-surefire-plugin/xsd/surefire-test-report-3.0.xsd" version="3.0" name="smoke_Suite.ALC_258" time="485.261" tests="5" errors="0" skipped="0" failures="0">
  <properties>
[...]
</properties>
  <testcase name="createdata" classname="smoke_Suite.ALC_258" time="31.634">
    <system-out><![CDATA[Android benefit Name :androidvrkKC
Benefit Name :fleekjzwlF
Benefit Order Name :mainakfleekimzeL
Bonus Name :FleekBonusfNoeM
Branch Member Name :Gayas rjKQS
Branch Name :Gayas hjpJE
Branch Member Number : +6395881976
Member Name : Gayas khlRa
Member Number :+6316556620
Microsoft Windows [Version 10.0.22631.3296]
(c) Microsoft Corporation. All rights reserved.

C:\Users\Fleek\Downloads\PlasticBank\com.plasticbank_new.actual>newman run ALC258upgrade.postman_collection.json --export-environment variable4359.json
newman

PlasticBank Copy

â–¡ ALC-4357 / Create Member Data
â”” Register Member
  â”Œ
  â”‚ 'Member Phone Number :', '+633860846126'
  â””
  POST https://upgradepb.cognitionfoundry.io/register [200 OK, 3.48kB, 3.5s]
  âˆš  Status code is 200 (OK)

â”” Login
  POST https://upgradepb.cognitionfoundry.io/login [200 OK, 3.71kB, 577ms]
  âˆš  Status code is 200 (OK)

â–¡ ALC-4357 / Create Branch 1 Data
â”” Register Member
  â”Œ
  â”‚ 'Member Branch 1 Phone Number :', '+637319484528'
  â””
  POST https://upgradepb.cognitionfoundry.io/register [200 OK, 3.48kB, 1701ms]
  âˆš  Status code is 200 (OK)

â”” Login
  POST https://upgradepb.cognitionfoundry.io/login [200 OK, 3.71kB, 597ms]
  âˆš  Status code is 200 (OK)

â”” Create Branch
  â”Œ
  â”‚ ' Branch 1 Name :', 'brancha_z0fkSgDQ'
  â””
  POST https://upgradepb.cognitionfoundry.io/cp [200 OK, 83.1kB, 822ms]
  âˆš  Status code is 200 (OK)

â”” Create Item [HDPE-CLEAN-CLEAR]
  POST https://upgradepb.cognitionfoundry.io/cp/860c3365-de4d-41c4-8140-bb54aeeb30ef/item [200 OK, 1.05kB, 4.8s]
  âˆš  Status code is 200 (OK)

â”” Create Item [PET-RAW-TRANSPARENT]
  POST https://upgradepb.cognitionfoundry.io/cp/860c3365-de4d-41c4-8140-bb54aeeb30ef/item [200 OK, 1.06kB, 482ms]
  âˆš  Status code is 200 (OK)

â–¡ ALC-4357 / Create Processor 1 Data
â”” Register Member
  â”Œ
  â”‚ 'Member Processor 1 Phone Number :', '+631125393740'
  â””
  POST https://upgradepb.cognitionfoundry.io/register [200 OK, 3.48kB, 1989ms]
  âˆš  Status code is 200 (OK)

â”” Login
  POST https://upgradepb.cognitionfoundry.io/login [200 OK, 3.71kB, 576ms]
  âˆš  Status code is 200 (OK)

â”” Create processor
  â”Œ
  â”‚ ' Processor 1 Name :', 'process_f1zIjEYS'
  â””
  POST https://upgradepb.cognitionfoundry.io/rc [200 OK, 82.89kB, 519ms]
  âˆš  Status code is 200 (OK)

â”” Create Item [HDPE-CLEAN-CLEAR]
  POST https://upgradepb.cognitionfoundry.io/rc/adbf433e-2b2d-4ab9-8ac5-c47d5ad0e586/item [200 OK, 1.04kB, 764ms]
  âˆš  Status code is 200 (OK)

â”” Create Item [PET-RAW-TRANSPARENT]
  POST https://upgradepb.cognitionfoundry.io/rc/adbf433e-2b2d-4ab9-8ac5-c47d5ad0e586/item [200 OK, 1.05kB, 725ms]
  âˆš  Status code is 200 (OK)

â–¡ ALC-4357 / Create Data from Alchemy
â”” Login
  POST https://upgradepb.cognitionfoundry.io/pl/admin/login [200 OK, 630B, 441ms]
  âˆš  Status code is 200 (OK)

â”” Two_factor_auth_login
  POST https://upgradepb.cognitionfoundry.io/admin/two_factor_auth_login [200 OK, 18.52kB, 369ms]
  âˆš  Status code is 200 (OK)

â”” Set Item bonus eligible for B1 Item 1
  POST https://upgradepb.cognitionfoundry.io/admin/cp/860c3365-de4d-41c4-8140-bb54aeeb30ef/item/138ecd88-0a4a-4466-9289-afccb33c7d96 [200 OK, 1.3kB, 5.4s]
  âˆš  Status code is 200 (OK)

â”” Set Item bonus eligible for B1 item 2
  POST https://upgradepb.cognitionfoundry.io/admin/cp/860c3365-de4d-41c4-8140-bb54aeeb30ef/item/941902f9-718c-4860-93d6-691c754615ed [200 OK, 1.3kB, 983ms]
  âˆš  Status code is 200 (OK)

â”” Edit Branch B1
  POST https://upgradepb.cognitionfoundry.io/admin/cp/860c3365-de4d-41c4-8140-bb54aeeb30ef [200 OK, 83.68kB, 520ms]
  âˆš  Status code is 200 (OK)

â”” Edit Processor
  POST https://upgradepb.cognitionfoundry.io/admin/rc/adbf433e-2b2d-4ab9-8ac5-c47d5ad0e586 [200 OK, 83.13kB, 202ms]

â”” two_factor_auth for bonus order
  POST https://upgradepb.cognitionfoundry.io/admin/init_two_factor_auth [200 OK, 777B, 182ms]
  âˆš  Status code is 200 (OK)

â”” Bonus Order Creation
  POST https://upgradepb.cognitionfoundry.io/pl/admin/offset [200 OK, 2.69kB, 201ms]
  âˆš  Status code is 200 (OK)

â”” two_factor_auth for bonus order Edit
  POST https://upgradepb.cognitionfoundry.io/admin/init_two_factor_auth [200 OK, 777B, 177ms]
  âˆš  Status code is 200 (OK)

â”” Add Processor in Bonus Order
  POST https://upgradepb.cognitionfoundry.io/pl/admin/offset/27f6f2f9-7579-43cc-b654-9a6c5ff9dc14/addParticipants [200 OK, 3.1kB, 198ms]
  âˆš  Status code is 200 (OK)

â”Œâ”€â”€â”€â”€â”€â”€â”€â”€â”€â”€â”€â”€â”€â”€â”€â”€â”€â”€â”€â”€â”€â”€â”€â”€â”€â”¬â”€â”€â”€â”€â”€â”€â”€â”€â”€â”€â”€â”€â”€â”€â”€â”€â”€â”€â”€â”€â”€â”¬â”€â”€â”€â”€â”€â”€â”€â”€â”€â”€â”€â”€â”€â”€â”€â”€â”€â”€â”€â”€â”€â”�
â”‚                         â”‚            executed â”‚              failed â”‚
â”œâ”€â”€â”€â”€â”€â”€â”€â”€â”€â”€â”€â”€â”€â”€â”€â”€â”€â”€â”€â”€â”€â”€â”€â”€â”€â”¼â”€â”€â”€â”€â”€â”€â”€â”€â”€â”€â”€â”€â”€â”€â”€â”€â”€â”€â”€â”€â”€â”¼â”€â”€â”€â”€â”€â”€â”€â”€â”€â”€â”€â”€â”€â”€â”€â”€â”€â”€â”€â”€â”€â”¤
â”‚              iterations â”‚                   1 â”‚                   0 â”‚
â”œâ”€â”€â”€â”€â”€â”€â”€â”€â”€â”€â”€â”€â”€â”€â”€â”€â”€â”€â”€â”€â”€â”€â”€â”€â”€â”¼â”€â”€â”€â”€â”€â”€â”€â”€â”€â”€â”€â”€â”€â”€â”€â”€â”€â”€â”€â”€â”€â”¼â”€â”€â”€â”€â”€â”€â”€â”€â”€â”€â”€â”€â”€â”€â”€â”€â”€â”€â”€â”€â”€â”¤
â”‚                requests â”‚                  22 â”‚                   0 â”‚
â”œâ”€â”€â”€â”€â”€â”€â”€â”€â”€â”€â”€â”€â”€â”€â”€â”€â”€â”€â”€â”€â”€â”€â”€â”€â”€â”¼â”€â”€â”€â”€â”€â”€â”€â”€â”€â”€â”€â”€â”€â”€â”€â”€â”€â”€â”€â”€â”€â”¼â”€â”€â”€â”€â”€â”€â”€â”€â”€â”€â”€â”€â”€â”€â”€â”€â”€â”€â”€â”€â”€â”¤
â”‚            test-scripts â”‚                  43 â”‚                   0 â”‚
â”œâ”€â”€â”€â”€â”€â”€â”€â”€â”€â”€â”€â”€â”€â”€â”€â”€â”€â”€â”€â”€â”€â”€â”€â”€â”€â”¼â”€â”€â”€â”€â”€â”€â”€â”€â”€â”€â”€â”€â”€â”€â”€â”€â”€â”€â”€â”€â”€â”¼â”€â”€â”€â”€â”€â”€â”€â”€â”€â”€â”€â”€â”€â”€â”€â”€â”€â”€â”€â”€â”€â”¤
â”‚      prerequest-scripts â”‚                  31 â”‚                   0 â”‚
â”œâ”€â”€â”€â”€â”€â”€â”€â”€â”€â”€â”€â”€â”€â”€â”€â”€â”€â”€â”€â”€â”€â”€â”€â”€â”€â”¼â”€â”€â”€â”€â”€â”€â”€â”€â”€â”€â”€â”€â”€â”€â”€â”€â”€â”€â”€â”€â”€â”¼â”€â”€â”€â”€â”€â”€â”€â”€â”€â”€â”€â”€â”€â”€â”€â”€â”€â”€â”€â”€â”€â”¤
â”‚              assertions â”‚                  21 â”‚                   0 â”‚
â”œâ”€â”€â”€â”€â”€â”€â”€â”€â”€â”€â”€â”€â”€â”€â”€â”€â”€â”€â”€â”€â”€â”€â”€â”€â”€â”´â”€â”€â”€â”€â”€â”€â”€â”€â”€â”€â”€â”€â”€â”€â”€â”€â”€â”€â”€â”€â”€â”´â”€â”€â”€â”€â”€â”€â”€â”€â”€â”€â”€â”€â”€â”€â”€â”€â”€â”€â”€â”€â”€â”¤
â”‚ total run duration: 28.4s                                           â”‚
â”œâ”€â”€â”€â”€â”€â”€â”€â”€â”€â”€â”€â”€â”€â”€â”€â”€â”€â”€â”€â”€â”€â”€â”€â”€â”€â”€â”€â”€â”€â”€â”€â”€â”€â”€â”€â”€â”€â”€â”€â”€â”€â”€â”€â”€â”€â”€â”€â”€â”€â”€â”€â”€â”€â”€â”€â”€â”€â”€â”€â”€â”€â”€â”€â”€â”€â”€â”€â”€â”€â”¤
â”‚ total data received: 375.84kB (approx)                              â”‚
â”œâ”€â”€â”€â”€â”€â”€â”€â”€â”€â”€â”€â”€â”€â”€â”€â”€â”€â”€â”€â”€â”€â”€â”€â”€â”€â”€â”€â”€â”€â”€â”€â”€â”€â”€â”€â”€â”€â”€â”€â”€â”€â”€â”€â”€â”€â”€â”€â”€â”€â”€â”€â”€â”€â”€â”€â”€â”€â”€â”€â”€â”€â”€â”€â”€â”€â”€â”€â”€â”€â”¤
â”‚ average response time: 1177ms [min: 177ms, max: 5.4s, s.d.: 1470ms] â”‚
â””â”€â”€â”€â”€â”€â”€â”€â”€â”€â”€â”€â”€â”€â”€â”€â”€â”€â”€â”€â”€â”€â”€â”€â”€â”€â”€â”€â”€â”€â”€â”€â”€â”€â”€â”€â”€â”€â”€â”€â”€â”€â”€â”€â”€â”€â”€â”€â”€â”€â”€â”€â”€â”€â”€â”€â”€â”€â”€â”€â”€â”€â”€â”€â”€â”€â”€â”€â”€â”€â”˜

C:\Users\Fleek\Downloads\PlasticBank\com.plasticbank_new.actual>
Process completed with exit code: 0
m1randomUsername: FleekKgbZeO
m1randomNumber: +633860846126
b1randomNumber: +637319484528
b1randomBranchName: brancha_z0fkSgDQ
p1randomNumber: +631125393740
p1randomProcessorName: process_f1zIjEYS
bonusOrderName: FleekXUFJMU
]]></system-out>
    <system-err><![CDATA[Apr 11, 2024 4:10:25 PM org.openqa.selenium.devtools.CdpVersionFinder findNearestMatch
WARNING: Unable to find CDP implementation matching 123
Apr 11, 2024 4:10:25 PM org.openqa.selenium.chromium.ChromiumDriver lambda$new$5
WARNING: Unable to find version of CDP to use for 123.0.6312.106. You may need to include a dependency on a specific version of the CDP using something similar to `org.seleniumhq.selenium:selenium-devtools-v86:4.13.0` where the version ("v86") matches the version of the chromium-based browser you're using and the version number of the artifact is the same as Selenium's.
]]></system-err>
  </testcase>
  <testcase name="checkalchemy" classname="smoke_Suite.ALC_258" time="29.152"/>
  <testcase name="dotransactions" classname="smoke_Suite.ALC_258" time="156.651">
    <system-out><![CDATA[OCR output:
4:14 Q - VA I

E Activity history
Bought Sold Cash outs
FleengbZeO -190 pHp

.i.

Bought + Apr 11, 2024 Q4 +0 (normal)

<9

History
â€”


]]></system-out>
  </testcase>
  <testcase name="selltoprocessor" classname="smoke_Suite.ALC_258" time="178.4"/>
  <testcase name="verifytransactions" classname="smoke_Suite.ALC_258" time="63.944"/>
</testsuite>