<?xml version="1.0" encoding="UTF-8"?>
<testng-results ignored="0" total="7" passed="7" failed="0" skipped="0">
  <reporter-output>
  </reporter-output>
  <suite started-at="2024-06-17T17:29:46 IST" name="Default suite" finished-at="2024-06-17T17:42:47 IST" duration-ms="780907">
    <groups>
    </groups>
    <test started-at="2024-06-17T17:29:46 IST" name="Default test" finished-at="2024-06-17T17:42:47 IST" duration-ms="780907">
      <class name="smoke_Suite.ALC_4360">
        <test-method is-config="true" signature="generateAndroidBenefitname()[pri:0, instance:smoke_Suite.ALC_4360@7f8a9499]" started-at="2024-06-17T17:29:46 IST" name="generateAndroidBenefitname" finished-at="2024-06-17T17:29:46 IST" duration-ms="23" status="PASS">
          <reporter-output>
          </reporter-output>
        </test-method> <!-- generateAndroidBenefitname -->
        <test-method is-config="true" signature="generateBenefitName()[pri:0, instance:smoke_Suite.ALC_4360@7f8a9499]" started-at="2024-06-17T17:29:46 IST" name="generateBenefitName" finished-at="2024-06-17T17:29:46 IST" duration-ms="2" status="PASS">
          <reporter-output>
          </reporter-output>
        </test-method> <!-- generateBenefitName -->
        <test-method is-config="true" signature="generateBenefitOrderName()[pri:0, instance:smoke_Suite.ALC_4360@7f8a9499]" started-at="2024-06-17T17:29:46 IST" name="generateBenefitOrderName" finished-at="2024-06-17T17:29:46 IST" duration-ms="0" status="PASS">
          <reporter-output>
          </reporter-output>
        </test-method> <!-- generateBenefitOrderName -->
        <test-method is-config="true" signature="generateBonusName()[pri:0, instance:smoke_Suite.ALC_4360@7f8a9499]" started-at="2024-06-17T17:29:46 IST" name="generateBonusName" finished-at="2024-06-17T17:29:46 IST" duration-ms="0" status="PASS">
          <reporter-output>
          </reporter-output>
        </test-method> <!-- generateBonusName -->
        <test-method is-config="true" signature="generateBranchMemberName()[pri:0, instance:smoke_Suite.ALC_4360@7f8a9499]" started-at="2024-06-17T17:29:46 IST" name="generateBranchMemberName" finished-at="2024-06-17T17:29:46 IST" duration-ms="0" status="PASS">
          <reporter-output>
          </reporter-output>
        </test-method> <!-- generateBranchMemberName -->
        <test-method is-config="true" signature="generateBranchName()[pri:0, instance:smoke_Suite.ALC_4360@7f8a9499]" started-at="2024-06-17T17:29:46 IST" name="generateBranchName" finished-at="2024-06-17T17:29:46 IST" duration-ms="1" status="PASS">
          <reporter-output>
          </reporter-output>
        </test-method> <!-- generateBranchName -->
        <test-method is-config="true" signature="generateRandomLastName()[pri:0, instance:smoke_Suite.ALC_4360@7f8a9499]" started-at="2024-06-17T17:29:46 IST" name="generateRandomLastName" finished-at="2024-06-17T17:29:46 IST" duration-ms="1" status="PASS">
          <reporter-output>
          </reporter-output>
        </test-method> <!-- generateRandomLastName -->
        <test-method is-config="true" signature="generateRandomBranchMemberNumber()[pri:0, instance:smoke_Suite.ALC_4360@7f8a9499]" started-at="2024-06-17T17:29:46 IST" name="generateRandomBranchMemberNumber" finished-at="2024-06-17T17:29:46 IST" duration-ms="0" status="PASS">
          <reporter-output>
          </reporter-output>
        </test-method> <!-- generateRandomBranchMemberNumber -->
        <test-method is-config="true" signature="generateRandomNumber()[pri:0, instance:smoke_Suite.ALC_4360@7f8a9499]" started-at="2024-06-17T17:29:46 IST" name="generateRandomNumber" finished-at="2024-06-17T17:29:46 IST" duration-ms="0" status="PASS">
          <reporter-output>
          </reporter-output>
        </test-method> <!-- generateRandomNumber -->
        <test-method is-config="true" signature="setup()[pri:0, instance:smoke_Suite.ALC_4360@7f8a9499]" started-at="2024-06-17T17:29:46 IST" name="setup" finished-at="2024-06-17T17:30:14 IST" duration-ms="27781" status="PASS">
          <reporter-output>
          </reporter-output>
        </test-method> <!-- setup -->
        <test-method signature="makeTransaction()[pri:0, instance:smoke_Suite.ALC_4360@7f8a9499]" started-at="2024-06-17T17:30:14 IST" name="makeTransaction" description="Transaction between member&gt;branch1&gt;branch2&gt;processor with Bonus" finished-at="2024-06-17T17:33:29 IST" duration-ms="195393" status="PASS">
          <reporter-output>
          </reporter-output>
        </test-method> <!-- makeTransaction -->
        <test-method is-config="true" signature="afterMethod(org.testng.ITestResult)[pri:0, instance:smoke_Suite.ALC_4360@7f8a9499]" started-at="2024-06-17T17:33:30 IST" name="afterMethod" finished-at="2024-06-17T17:33:30 IST" duration-ms="4" status="PASS">
          <params>
            <param index="0">
              <value>
                <![CDATA[[TestResult name=makeTransaction status=SUCCESS method=ALC_4360.makeTransaction()[pri:0, instance:smoke_Suite.ALC_4360@7f8a9499] output={null}]]]>
              </value>
            </param>
          </params>
          <reporter-output>
          </reporter-output>
        </test-method> <!-- afterMethod -->
        <test-method signature="verifyKgRecycledAndDelayedBonus()[pri:1, instance:smoke_Suite.ALC_4360@7f8a9499]" started-at="2024-06-17T17:33:30 IST" name="verifyKgRecycledAndDelayedBonus" description="verify Kg recycled and Delayed Bonus in Branch1 and Branch2 " finished-at="2024-06-17T17:36:18 IST" duration-ms="168246" status="PASS">
          <reporter-output>
          </reporter-output>
        </test-method> <!-- verifyKgRecycledAndDelayedBonus -->
        <test-method is-config="true" signature="afterMethod(org.testng.ITestResult)[pri:0, instance:smoke_Suite.ALC_4360@7f8a9499]" started-at="2024-06-17T17:36:18 IST" name="afterMethod" finished-at="2024-06-17T17:36:18 IST" duration-ms="1" status="PASS">
          <params>
            <param index="0">
              <value>
                <![CDATA[[TestResult name=verifyKgRecycledAndDelayedBonus status=SUCCESS method=ALC_4360.verifyKgRecycledAndDelayedBonus()[pri:1, instance:smoke_Suite.ALC_4360@7f8a9499] output={null}]]]>
              </value>
            </param>
          </params>
          <reporter-output>
          </reporter-output>
        </test-method> <!-- afterMethod -->
        <test-method signature="verifyDelayedBonusInApp()[pri:2, instance:smoke_Suite.ALC_4360@7f8a9499]" started-at="2024-06-17T17:36:18 IST" name="verifyDelayedBonusInApp" description="verify delayed bonus is appearing in APP for member and branch 1 and branch 2 based on the transaction" finished-at="2024-06-17T17:38:38 IST" duration-ms="140291" status="PASS">
          <reporter-output>
          </reporter-output>
        </test-method> <!-- verifyDelayedBonusInApp -->
        <test-method is-config="true" signature="afterMethod(org.testng.ITestResult)[pri:0, instance:smoke_Suite.ALC_4360@7f8a9499]" started-at="2024-06-17T17:38:38 IST" name="afterMethod" finished-at="2024-06-17T17:38:38 IST" duration-ms="2" status="PASS">
          <params>
            <param index="0">
              <value>
                <![CDATA[[TestResult name=verifyDelayedBonusInApp status=SUCCESS method=ALC_4360.verifyDelayedBonusInApp()[pri:2, instance:smoke_Suite.ALC_4360@7f8a9499] output={null}]]]>
              </value>
            </param>
          </params>
          <reporter-output>
          </reporter-output>
        </test-method> <!-- afterMethod -->
        <test-method signature="verifyBuySellTransactionInBonusOrder()[pri:3, instance:smoke_Suite.ALC_4360@7f8a9499]" started-at="2024-06-17T17:38:38 IST" name="verifyBuySellTransactionInBonusOrder" description="Bonus BUY AND SELL transactions are appearing in the Bonus order approval screen" finished-at="2024-06-17T17:39:32 IST" duration-ms="54080" status="PASS">
          <reporter-output>
          </reporter-output>
        </test-method> <!-- verifyBuySellTransactionInBonusOrder -->
        <test-method is-config="true" signature="afterMethod(org.testng.ITestResult)[pri:0, instance:smoke_Suite.ALC_4360@7f8a9499]" started-at="2024-06-17T17:39:32 IST" name="afterMethod" finished-at="2024-06-17T17:39:32 IST" duration-ms="0" status="PASS">
          <params>
            <param index="0">
              <value>
                <![CDATA[[TestResult name=verifyBuySellTransactionInBonusOrder status=SUCCESS method=ALC_4360.verifyBuySellTransactionInBonusOrder()[pri:3, instance:smoke_Suite.ALC_4360@7f8a9499] output={null}]]]>
              </value>
            </param>
          </params>
          <reporter-output>
          </reporter-output>
        </test-method> <!-- afterMethod -->
        <test-method signature="disablebonusAndVerifyExchangeHistory()[pri:4, instance:smoke_Suite.ALC_4360@7f8a9499]" started-at="2024-06-17T17:39:32 IST" name="disablebonusAndVerifyExchangeHistory" description="Bonus is disabled and associated bonus is dissapering in Branch1 and Branch2 Exchange History" finished-at="2024-06-17T17:40:11 IST" duration-ms="39091" status="PASS">
          <reporter-output>
          </reporter-output>
        </test-method> <!-- disablebonusAndVerifyExchangeHistory -->
        <test-method is-config="true" signature="afterMethod(org.testng.ITestResult)[pri:0, instance:smoke_Suite.ALC_4360@7f8a9499]" started-at="2024-06-17T17:40:11 IST" name="afterMethod" finished-at="2024-06-17T17:40:11 IST" duration-ms="1" status="PASS">
          <params>
            <param index="0">
              <value>
                <![CDATA[[TestResult name=disablebonusAndVerifyExchangeHistory status=SUCCESS method=ALC_4360.disablebonusAndVerifyExchangeHistory()[pri:4, instance:smoke_Suite.ALC_4360@7f8a9499] output={null}]]]>
              </value>
            </param>
          </params>
          <reporter-output>
          </reporter-output>
        </test-method> <!-- afterMethod -->
        <test-method signature="verifyBuySellRemovedBonusInBonusOrderSummary()[pri:5, instance:smoke_Suite.ALC_4360@7f8a9499]" started-at="2024-06-17T17:40:11 IST" name="verifyBuySellRemovedBonusInBonusOrderSummary" description="verify Buy Sell Transaction removed from BonusOrder Approval Screen |Verify after disabling, Bonus progress value in the Bonus order Summary screen is showing zero as value with 0% fulfilled status " finished-at="2024-06-17T17:40:33 IST" duration-ms="21619" status="PASS">
          <reporter-output>
          </reporter-output>
        </test-method> <!-- verifyBuySellRemovedBonusInBonusOrderSummary -->
        <test-method is-config="true" signature="afterMethod(org.testng.ITestResult)[pri:0, instance:smoke_Suite.ALC_4360@7f8a9499]" started-at="2024-06-17T17:40:33 IST" name="afterMethod" finished-at="2024-06-17T17:40:33 IST" duration-ms="1" status="PASS">
          <params>
            <param index="0">
              <value>
                <![CDATA[[TestResult name=verifyBuySellRemovedBonusInBonusOrderSummary status=SUCCESS method=ALC_4360.verifyBuySellRemovedBonusInBonusOrderSummary()[pri:5, instance:smoke_Suite.ALC_4360@7f8a9499] output={null}]]]>
              </value>
            </param>
          </params>
          <reporter-output>
          </reporter-output>
        </test-method> <!-- afterMethod -->
        <test-method signature="delayedBonusRemovedInApp()[pri:6, instance:smoke_Suite.ALC_4360@7f8a9499]" started-at="2024-06-17T17:40:33 IST" name="delayedBonusRemovedInApp" description="Delayed Bonus Is removed in App for Member and Branch1 and Branch2 profile screen" finished-at="2024-06-17T17:42:46 IST" duration-ms="132666" status="PASS">
          <reporter-output>
          </reporter-output>
        </test-method> <!-- delayedBonusRemovedInApp -->
        <test-method is-config="true" signature="afterMethod(org.testng.ITestResult)[pri:0, instance:smoke_Suite.ALC_4360@7f8a9499]" started-at="2024-06-17T17:42:46 IST" name="afterMethod" finished-at="2024-06-17T17:42:46 IST" duration-ms="1" status="PASS">
          <params>
            <param index="0">
              <value>
                <![CDATA[[TestResult name=delayedBonusRemovedInApp status=SUCCESS method=ALC_4360.delayedBonusRemovedInApp()[pri:6, instance:smoke_Suite.ALC_4360@7f8a9499] output={null}]]]>
              </value>
            </param>
          </params>
          <reporter-output>
          </reporter-output>
        </test-method> <!-- afterMethod -->
        <test-method is-config="true" signature="teardownalchemy()[pri:0, instance:smoke_Suite.ALC_4360@7f8a9499]" started-at="2024-06-17T17:42:46 IST" name="teardownalchemy" finished-at="2024-06-17T17:42:46 IST" duration-ms="704" status="PASS">
          <reporter-output>
          </reporter-output>
        </test-method> <!-- teardownalchemy -->
        <test-method is-config="true" signature="teardownapp()[pri:0, instance:smoke_Suite.ALC_4360@7f8a9499]" started-at="2024-06-17T17:42:46 IST" name="teardownapp" finished-at="2024-06-17T17:42:47 IST" duration-ms="668" status="PASS">
          <reporter-output>
          </reporter-output>
        </test-method> <!-- teardownapp -->
      </class> <!-- smoke_Suite.ALC_4360 -->
    </test> <!-- Default test -->
  </suite> <!-- Default suite -->
</testng-results>
