<?xml version="1.0" encoding="UTF-8"?>
<testng-results ignored="0" total="7" passed="0" failed="0" skipped="7">
  <reporter-output>
  </reporter-output>
  <suite started-at="2024-06-14T17:46:36 IST" name="Default suite" finished-at="2024-06-14T17:46:56 IST" duration-ms="19853">
    <groups>
    </groups>
    <test started-at="2024-06-14T17:46:36 IST" name="Default test" finished-at="2024-06-14T17:46:56 IST" duration-ms="19853">
      <class name="smoke_Suite.ALC_4360">
        <test-method is-config="true" signature="generateAndroidBenefitname()[pri:0, instance:smoke_Suite.ALC_4360@7f8a9499]" started-at="2024-06-14T17:46:36 IST" name="generateAndroidBenefitname" finished-at="2024-06-14T17:46:36 IST" duration-ms="19" status="PASS">
          <reporter-output>
          </reporter-output>
        </test-method> <!-- generateAndroidBenefitname -->
        <test-method is-config="true" signature="generateBenefitName()[pri:0, instance:smoke_Suite.ALC_4360@7f8a9499]" started-at="2024-06-14T17:46:36 IST" name="generateBenefitName" finished-at="2024-06-14T17:46:36 IST" duration-ms="1" status="PASS">
          <reporter-output>
          </reporter-output>
        </test-method> <!-- generateBenefitName -->
        <test-method is-config="true" signature="generateBenefitOrderName()[pri:0, instance:smoke_Suite.ALC_4360@7f8a9499]" started-at="2024-06-14T17:46:36 IST" name="generateBenefitOrderName" finished-at="2024-06-14T17:46:36 IST" duration-ms="0" status="PASS">
          <reporter-output>
          </reporter-output>
        </test-method> <!-- generateBenefitOrderName -->
        <test-method is-config="true" signature="generateBonusName()[pri:0, instance:smoke_Suite.ALC_4360@7f8a9499]" started-at="2024-06-14T17:46:36 IST" name="generateBonusName" finished-at="2024-06-14T17:46:36 IST" duration-ms="2" status="PASS">
          <reporter-output>
          </reporter-output>
        </test-method> <!-- generateBonusName -->
        <test-method is-config="true" signature="generateBranchMemberName()[pri:0, instance:smoke_Suite.ALC_4360@7f8a9499]" started-at="2024-06-14T17:46:36 IST" name="generateBranchMemberName" finished-at="2024-06-14T17:46:36 IST" duration-ms="1" status="PASS">
          <reporter-output>
          </reporter-output>
        </test-method> <!-- generateBranchMemberName -->
        <test-method is-config="true" signature="generateBranchName()[pri:0, instance:smoke_Suite.ALC_4360@7f8a9499]" started-at="2024-06-14T17:46:36 IST" name="generateBranchName" finished-at="2024-06-14T17:46:36 IST" duration-ms="1" status="PASS">
          <reporter-output>
          </reporter-output>
        </test-method> <!-- generateBranchName -->
        <test-method is-config="true" signature="generateRandomBranchMemberNumber()[pri:0, instance:smoke_Suite.ALC_4360@7f8a9499]" started-at="2024-06-14T17:46:36 IST" name="generateRandomBranchMemberNumber" finished-at="2024-06-14T17:46:36 IST" duration-ms="1" status="PASS">
          <reporter-output>
          </reporter-output>
        </test-method> <!-- generateRandomBranchMemberNumber -->
        <test-method is-config="true" signature="generateRandomLastName()[pri:0, instance:smoke_Suite.ALC_4360@7f8a9499]" started-at="2024-06-14T17:46:36 IST" name="generateRandomLastName" finished-at="2024-06-14T17:46:36 IST" duration-ms="1" status="PASS">
          <reporter-output>
          </reporter-output>
        </test-method> <!-- generateRandomLastName -->
        <test-method is-config="true" signature="generateRandomNumber()[pri:0, instance:smoke_Suite.ALC_4360@7f8a9499]" started-at="2024-06-14T17:46:36 IST" name="generateRandomNumber" finished-at="2024-06-14T17:46:36 IST" duration-ms="1" status="PASS">
          <reporter-output>
          </reporter-output>
        </test-method> <!-- generateRandomNumber -->
        <test-method is-config="true" signature="setup()[pri:0, instance:smoke_Suite.ALC_4360@7f8a9499]" started-at="2024-06-14T17:46:36 IST" name="setup" finished-at="2024-06-14T17:46:56 IST" duration-ms="19604" status="FAIL">
          <exception class="org.openqa.selenium.SessionNotCreatedException">
            <message>
              <![CDATA[Could not start a new session. Response code 404. Message: The session identified by 88a4e024-cdcf-4293-8adf-fae9df5aed1f is not known 
Host info: host: 'DESKTOP-73VT5SL', ip: '192.168.1.15'
Build info: version: '4.13.0', revision: 'ba948ece5b*'
System info: os.name: 'Windows 11', os.arch: 'amd64', os.version: '10.0', java.version: '17.0.6'
Driver info: io.appium.java_client.android.AndroidDriver
Command: [null, newSession {capabilities=[{appium:appActivity=org.plasticbank.app.MainActivity, appium:appPackage=org.plasticbank.app, appium:automationName=Appium, appium:deviceName=Android Emulator, appium:newCommandTimeout=9000, platformName=ANDROID, appium:platformVersion=11.0}], desiredCapabilities=Capabilities {appActivity: org.plasticbank.app.MainAct..., appPackage: org.plasticbank.app, automationName: Appium, deviceName: Android Emulator, newCommandTimeout: 9000, platformName: ANDROID, platformVersion: 11.0}}]
Capabilities {appActivity: org.plasticbank.app.MainAct..., appPackage: org.plasticbank.app, automationName: Appium, deviceName: Android Emulator, newCommandTimeout: 9000, platformName: ANDROID, platformVersion: 11.0}]]>
            </message>
            <full-stacktrace>
              <![CDATA[org.openqa.selenium.SessionNotCreatedException: Could not start a new session. Response code 404. Message: The session identified by 88a4e024-cdcf-4293-8adf-fae9df5aed1f is not known 
Host info: host: 'DESKTOP-73VT5SL', ip: '192.168.1.15'
Build info: version: '4.13.0', revision: 'ba948ece5b*'
System info: os.name: 'Windows 11', os.arch: 'amd64', os.version: '10.0', java.version: '17.0.6'
Driver info: io.appium.java_client.android.AndroidDriver
Command: [null, newSession {capabilities=[{appium:appActivity=org.plasticbank.app.MainActivity, appium:appPackage=org.plasticbank.app, appium:automationName=Appium, appium:deviceName=Android Emulator, appium:newCommandTimeout=9000, platformName=ANDROID, appium:platformVersion=11.0}], desiredCapabilities=Capabilities {appActivity: org.plasticbank.app.MainAct..., appPackage: org.plasticbank.app, automationName: Appium, deviceName: Android Emulator, newCommandTimeout: 9000, platformName: ANDROID, platformVersion: 11.0}}]
Capabilities {appActivity: org.plasticbank.app.MainAct..., appPackage: org.plasticbank.app, automationName: Appium, deviceName: Android Emulator, newCommandTimeout: 9000, platformName: ANDROID, platformVersion: 11.0}
at org.openqa.selenium.remote.ProtocolHandshake.createSession(ProtocolHandshake.java:140)
at java.base/jdk.internal.reflect.NativeMethodAccessorImpl.invoke0(Native Method)
at java.base/jdk.internal.reflect.NativeMethodAccessorImpl.invoke(NativeMethodAccessorImpl.java:77)
at java.base/jdk.internal.reflect.DelegatingMethodAccessorImpl.invoke(DelegatingMethodAccessorImpl.java:43)
at java.base/java.lang.reflect.Method.invoke(Method.java:568)
at io.appium.java_client.remote.AppiumProtocolHandshake.createSession(AppiumProtocolHandshake.java:133)
at io.appium.java_client.remote.AppiumProtocolHandshake.createSession(AppiumProtocolHandshake.java:102)
at io.appium.java_client.remote.AppiumCommandExecutor.createSession(AppiumCommandExecutor.java:182)
at io.appium.java_client.remote.AppiumCommandExecutor.execute(AppiumCommandExecutor.java:250)
at org.openqa.selenium.remote.RemoteWebDriver.execute(RemoteWebDriver.java:602)
at io.appium.java_client.AppiumDriver.startSession(AppiumDriver.java:274)
at org.openqa.selenium.remote.RemoteWebDriver.<init>(RemoteWebDriver.java:163)
at io.appium.java_client.AppiumDriver.<init>(AppiumDriver.java:89)
at io.appium.java_client.AppiumDriver.<init>(AppiumDriver.java:101)
at io.appium.java_client.android.AndroidDriver.<init>(AndroidDriver.java:113)
at Utilities.BaseClass.setup(BaseClass.java:177)
at java.base/jdk.internal.reflect.NativeMethodAccessorImpl.invoke0(Native Method)
at java.base/jdk.internal.reflect.NativeMethodAccessorImpl.invoke(NativeMethodAccessorImpl.java:77)
at java.base/jdk.internal.reflect.DelegatingMethodAccessorImpl.invoke(DelegatingMethodAccessorImpl.java:43)
at java.base/java.lang.reflect.Method.invoke(Method.java:568)
at org.testng.internal.invokers.MethodInvocationHelper.invokeMethod(MethodInvocationHelper.java:139)
at org.testng.internal.invokers.MethodInvocationHelper.invokeMethodConsideringTimeout(MethodInvocationHelper.java:69)
at org.testng.internal.invokers.ConfigInvoker.invokeConfigurationMethod(ConfigInvoker.java:390)
at org.testng.internal.invokers.ConfigInvoker.invokeConfigurations(ConfigInvoker.java:325)
at org.testng.internal.invokers.TestMethodWorker.invokeBeforeClassMethods(TestMethodWorker.java:180)
at org.testng.internal.invokers.TestMethodWorker.run(TestMethodWorker.java:122)
at java.base/java.util.ArrayList.forEach(ArrayList.java:1511)
at org.testng.TestRunner.privateRun(TestRunner.java:848)
at org.testng.TestRunner.run(TestRunner.java:621)
at org.testng.SuiteRunner.runTest(SuiteRunner.java:443)
at org.testng.SuiteRunner.runSequentially(SuiteRunner.java:437)
at org.testng.SuiteRunner.privateRun(SuiteRunner.java:397)
at org.testng.SuiteRunner.run(SuiteRunner.java:336)
at org.testng.SuiteRunnerWorker.runSuite(SuiteRunnerWorker.java:52)
at org.testng.SuiteRunnerWorker.run(SuiteRunnerWorker.java:95)
at org.testng.TestNG.runSuitesSequentially(TestNG.java:1280)
at org.testng.TestNG.runSuitesLocally(TestNG.java:1200)
at org.testng.TestNG.runSuites(TestNG.java:1114)
at org.testng.TestNG.run(TestNG.java:1082)
at org.testng.remote.AbstractRemoteTestNG.run(AbstractRemoteTestNG.java:115)
at org.testng.remote.RemoteTestNG.initAndRun(RemoteTestNG.java:251)
at org.testng.remote.RemoteTestNG.main(RemoteTestNG.java:77)
]]>
            </full-stacktrace>
          </exception> <!-- org.openqa.selenium.SessionNotCreatedException -->
          <reporter-output>
          </reporter-output>
        </test-method> <!-- setup -->
        <test-method signature="makeTransaction()[pri:0, instance:smoke_Suite.ALC_4360@7f8a9499]" started-at="2024-06-14T17:46:56 IST" name="makeTransaction" description="Transaction between member&gt;branch1&gt;branch2&gt;processor with Bonus" finished-at="2024-06-14T17:46:56 IST" duration-ms="0" status="SKIP">
          <exception class="org.openqa.selenium.SessionNotCreatedException">
            <message>
              <![CDATA[Could not start a new session. Response code 404. Message: The session identified by 88a4e024-cdcf-4293-8adf-fae9df5aed1f is not known 
Host info: host: 'DESKTOP-73VT5SL', ip: '192.168.1.15'
Build info: version: '4.13.0', revision: 'ba948ece5b*'
System info: os.name: 'Windows 11', os.arch: 'amd64', os.version: '10.0', java.version: '17.0.6'
Driver info: io.appium.java_client.android.AndroidDriver
Command: [null, newSession {capabilities=[{appium:appActivity=org.plasticbank.app.MainActivity, appium:appPackage=org.plasticbank.app, appium:automationName=Appium, appium:deviceName=Android Emulator, appium:newCommandTimeout=9000, platformName=ANDROID, appium:platformVersion=11.0}], desiredCapabilities=Capabilities {appActivity: org.plasticbank.app.MainAct..., appPackage: org.plasticbank.app, automationName: Appium, deviceName: Android Emulator, newCommandTimeout: 9000, platformName: ANDROID, platformVersion: 11.0}}]
Capabilities {appActivity: org.plasticbank.app.MainAct..., appPackage: org.plasticbank.app, automationName: Appium, deviceName: Android Emulator, newCommandTimeout: 9000, platformName: ANDROID, platformVersion: 11.0}]]>
            </message>
            <full-stacktrace>
              <![CDATA[org.openqa.selenium.SessionNotCreatedException: Could not start a new session. Response code 404. Message: The session identified by 88a4e024-cdcf-4293-8adf-fae9df5aed1f is not known 
Host info: host: 'DESKTOP-73VT5SL', ip: '192.168.1.15'
Build info: version: '4.13.0', revision: 'ba948ece5b*'
System info: os.name: 'Windows 11', os.arch: 'amd64', os.version: '10.0', java.version: '17.0.6'
Driver info: io.appium.java_client.android.AndroidDriver
Command: [null, newSession {capabilities=[{appium:appActivity=org.plasticbank.app.MainActivity, appium:appPackage=org.plasticbank.app, appium:automationName=Appium, appium:deviceName=Android Emulator, appium:newCommandTimeout=9000, platformName=ANDROID, appium:platformVersion=11.0}], desiredCapabilities=Capabilities {appActivity: org.plasticbank.app.MainAct..., appPackage: org.plasticbank.app, automationName: Appium, deviceName: Android Emulator, newCommandTimeout: 9000, platformName: ANDROID, platformVersion: 11.0}}]
Capabilities {appActivity: org.plasticbank.app.MainAct..., appPackage: org.plasticbank.app, automationName: Appium, deviceName: Android Emulator, newCommandTimeout: 9000, platformName: ANDROID, platformVersion: 11.0}
at org.openqa.selenium.remote.ProtocolHandshake.createSession(ProtocolHandshake.java:140)
at java.base/jdk.internal.reflect.NativeMethodAccessorImpl.invoke0(Native Method)
at java.base/jdk.internal.reflect.NativeMethodAccessorImpl.invoke(NativeMethodAccessorImpl.java:77)
at java.base/jdk.internal.reflect.DelegatingMethodAccessorImpl.invoke(DelegatingMethodAccessorImpl.java:43)
at java.base/java.lang.reflect.Method.invoke(Method.java:568)
at io.appium.java_client.remote.AppiumProtocolHandshake.createSession(AppiumProtocolHandshake.java:133)
at io.appium.java_client.remote.AppiumProtocolHandshake.createSession(AppiumProtocolHandshake.java:102)
at io.appium.java_client.remote.AppiumCommandExecutor.createSession(AppiumCommandExecutor.java:182)
at io.appium.java_client.remote.AppiumCommandExecutor.execute(AppiumCommandExecutor.java:250)
at org.openqa.selenium.remote.RemoteWebDriver.execute(RemoteWebDriver.java:602)
at io.appium.java_client.AppiumDriver.startSession(AppiumDriver.java:274)
at org.openqa.selenium.remote.RemoteWebDriver.<init>(RemoteWebDriver.java:163)
at io.appium.java_client.AppiumDriver.<init>(AppiumDriver.java:89)
at io.appium.java_client.AppiumDriver.<init>(AppiumDriver.java:101)
at io.appium.java_client.android.AndroidDriver.<init>(AndroidDriver.java:113)
at Utilities.BaseClass.setup(BaseClass.java:177)
at java.base/jdk.internal.reflect.NativeMethodAccessorImpl.invoke0(Native Method)
at java.base/jdk.internal.reflect.NativeMethodAccessorImpl.invoke(NativeMethodAccessorImpl.java:77)
at java.base/jdk.internal.reflect.DelegatingMethodAccessorImpl.invoke(DelegatingMethodAccessorImpl.java:43)
at java.base/java.lang.reflect.Method.invoke(Method.java:568)
at org.testng.internal.invokers.MethodInvocationHelper.invokeMethod(MethodInvocationHelper.java:139)
at org.testng.internal.invokers.MethodInvocationHelper.invokeMethodConsideringTimeout(MethodInvocationHelper.java:69)
at org.testng.internal.invokers.ConfigInvoker.invokeConfigurationMethod(ConfigInvoker.java:390)
at org.testng.internal.invokers.ConfigInvoker.invokeConfigurations(ConfigInvoker.java:325)
at org.testng.internal.invokers.TestMethodWorker.invokeBeforeClassMethods(TestMethodWorker.java:180)
at org.testng.internal.invokers.TestMethodWorker.run(TestMethodWorker.java:122)
at java.base/java.util.ArrayList.forEach(ArrayList.java:1511)
at org.testng.TestRunner.privateRun(TestRunner.java:848)
at org.testng.TestRunner.run(TestRunner.java:621)
at org.testng.SuiteRunner.runTest(SuiteRunner.java:443)
at org.testng.SuiteRunner.runSequentially(SuiteRunner.java:437)
at org.testng.SuiteRunner.privateRun(SuiteRunner.java:397)
at org.testng.SuiteRunner.run(SuiteRunner.java:336)
at org.testng.SuiteRunnerWorker.runSuite(SuiteRunnerWorker.java:52)
at org.testng.SuiteRunnerWorker.run(SuiteRunnerWorker.java:95)
at org.testng.TestNG.runSuitesSequentially(TestNG.java:1280)
at org.testng.TestNG.runSuitesLocally(TestNG.java:1200)
at org.testng.TestNG.runSuites(TestNG.java:1114)
at org.testng.TestNG.run(TestNG.java:1082)
at org.testng.remote.AbstractRemoteTestNG.run(AbstractRemoteTestNG.java:115)
at org.testng.remote.RemoteTestNG.initAndRun(RemoteTestNG.java:251)
at org.testng.remote.RemoteTestNG.main(RemoteTestNG.java:77)
]]>
            </full-stacktrace>
          </exception> <!-- org.openqa.selenium.SessionNotCreatedException -->
          <reporter-output>
          </reporter-output>
        </test-method> <!-- makeTransaction -->
        <test-method is-config="true" signature="afterMethod(org.testng.ITestResult)[pri:0, instance:smoke_Suite.ALC_4360@7f8a9499]" started-at="2024-06-14T17:46:56 IST" name="afterMethod" finished-at="2024-06-14T17:46:56 IST" duration-ms="0" status="SKIP">
          <reporter-output>
          </reporter-output>
        </test-method> <!-- afterMethod -->
        <test-method signature="verifyKgRecycledAndDelayedBonus()[pri:1, instance:smoke_Suite.ALC_4360@7f8a9499]" started-at="2024-06-14T17:46:56 IST" name="verifyKgRecycledAndDelayedBonus" description="verify Kg recycled and Delayed Bonus in Branch1 and Branch2 " finished-at="2024-06-14T17:46:56 IST" duration-ms="0" status="SKIP">
          <exception class="org.openqa.selenium.SessionNotCreatedException">
            <message>
              <![CDATA[Could not start a new session. Response code 404. Message: The session identified by 88a4e024-cdcf-4293-8adf-fae9df5aed1f is not known 
Host info: host: 'DESKTOP-73VT5SL', ip: '192.168.1.15'
Build info: version: '4.13.0', revision: 'ba948ece5b*'
System info: os.name: 'Windows 11', os.arch: 'amd64', os.version: '10.0', java.version: '17.0.6'
Driver info: io.appium.java_client.android.AndroidDriver
Command: [null, newSession {capabilities=[{appium:appActivity=org.plasticbank.app.MainActivity, appium:appPackage=org.plasticbank.app, appium:automationName=Appium, appium:deviceName=Android Emulator, appium:newCommandTimeout=9000, platformName=ANDROID, appium:platformVersion=11.0}], desiredCapabilities=Capabilities {appActivity: org.plasticbank.app.MainAct..., appPackage: org.plasticbank.app, automationName: Appium, deviceName: Android Emulator, newCommandTimeout: 9000, platformName: ANDROID, platformVersion: 11.0}}]
Capabilities {appActivity: org.plasticbank.app.MainAct..., appPackage: org.plasticbank.app, automationName: Appium, deviceName: Android Emulator, newCommandTimeout: 9000, platformName: ANDROID, platformVersion: 11.0}]]>
            </message>
            <full-stacktrace>
              <![CDATA[org.openqa.selenium.SessionNotCreatedException: Could not start a new session. Response code 404. Message: The session identified by 88a4e024-cdcf-4293-8adf-fae9df5aed1f is not known 
Host info: host: 'DESKTOP-73VT5SL', ip: '192.168.1.15'
Build info: version: '4.13.0', revision: 'ba948ece5b*'
System info: os.name: 'Windows 11', os.arch: 'amd64', os.version: '10.0', java.version: '17.0.6'
Driver info: io.appium.java_client.android.AndroidDriver
Command: [null, newSession {capabilities=[{appium:appActivity=org.plasticbank.app.MainActivity, appium:appPackage=org.plasticbank.app, appium:automationName=Appium, appium:deviceName=Android Emulator, appium:newCommandTimeout=9000, platformName=ANDROID, appium:platformVersion=11.0}], desiredCapabilities=Capabilities {appActivity: org.plasticbank.app.MainAct..., appPackage: org.plasticbank.app, automationName: Appium, deviceName: Android Emulator, newCommandTimeout: 9000, platformName: ANDROID, platformVersion: 11.0}}]
Capabilities {appActivity: org.plasticbank.app.MainAct..., appPackage: org.plasticbank.app, automationName: Appium, deviceName: Android Emulator, newCommandTimeout: 9000, platformName: ANDROID, platformVersion: 11.0}
at org.openqa.selenium.remote.ProtocolHandshake.createSession(ProtocolHandshake.java:140)
at java.base/jdk.internal.reflect.NativeMethodAccessorImpl.invoke0(Native Method)
at java.base/jdk.internal.reflect.NativeMethodAccessorImpl.invoke(NativeMethodAccessorImpl.java:77)
at java.base/jdk.internal.reflect.DelegatingMethodAccessorImpl.invoke(DelegatingMethodAccessorImpl.java:43)
at java.base/java.lang.reflect.Method.invoke(Method.java:568)
at io.appium.java_client.remote.AppiumProtocolHandshake.createSession(AppiumProtocolHandshake.java:133)
at io.appium.java_client.remote.AppiumProtocolHandshake.createSession(AppiumProtocolHandshake.java:102)
at io.appium.java_client.remote.AppiumCommandExecutor.createSession(AppiumCommandExecutor.java:182)
at io.appium.java_client.remote.AppiumCommandExecutor.execute(AppiumCommandExecutor.java:250)
at org.openqa.selenium.remote.RemoteWebDriver.execute(RemoteWebDriver.java:602)
at io.appium.java_client.AppiumDriver.startSession(AppiumDriver.java:274)
at org.openqa.selenium.remote.RemoteWebDriver.<init>(RemoteWebDriver.java:163)
at io.appium.java_client.AppiumDriver.<init>(AppiumDriver.java:89)
at io.appium.java_client.AppiumDriver.<init>(AppiumDriver.java:101)
at io.appium.java_client.android.AndroidDriver.<init>(AndroidDriver.java:113)
at Utilities.BaseClass.setup(BaseClass.java:177)
at java.base/jdk.internal.reflect.NativeMethodAccessorImpl.invoke0(Native Method)
at java.base/jdk.internal.reflect.NativeMethodAccessorImpl.invoke(NativeMethodAccessorImpl.java:77)
at java.base/jdk.internal.reflect.DelegatingMethodAccessorImpl.invoke(DelegatingMethodAccessorImpl.java:43)
at java.base/java.lang.reflect.Method.invoke(Method.java:568)
at org.testng.internal.invokers.MethodInvocationHelper.invokeMethod(MethodInvocationHelper.java:139)
at org.testng.internal.invokers.MethodInvocationHelper.invokeMethodConsideringTimeout(MethodInvocationHelper.java:69)
at org.testng.internal.invokers.ConfigInvoker.invokeConfigurationMethod(ConfigInvoker.java:390)
at org.testng.internal.invokers.ConfigInvoker.invokeConfigurations(ConfigInvoker.java:325)
at org.testng.internal.invokers.TestMethodWorker.invokeBeforeClassMethods(TestMethodWorker.java:180)
at org.testng.internal.invokers.TestMethodWorker.run(TestMethodWorker.java:122)
at java.base/java.util.ArrayList.forEach(ArrayList.java:1511)
at org.testng.TestRunner.privateRun(TestRunner.java:848)
at org.testng.TestRunner.run(TestRunner.java:621)
at org.testng.SuiteRunner.runTest(SuiteRunner.java:443)
at org.testng.SuiteRunner.runSequentially(SuiteRunner.java:437)
at org.testng.SuiteRunner.privateRun(SuiteRunner.java:397)
at org.testng.SuiteRunner.run(SuiteRunner.java:336)
at org.testng.SuiteRunnerWorker.runSuite(SuiteRunnerWorker.java:52)
at org.testng.SuiteRunnerWorker.run(SuiteRunnerWorker.java:95)
at org.testng.TestNG.runSuitesSequentially(TestNG.java:1280)
at org.testng.TestNG.runSuitesLocally(TestNG.java:1200)
at org.testng.TestNG.runSuites(TestNG.java:1114)
at org.testng.TestNG.run(TestNG.java:1082)
at org.testng.remote.AbstractRemoteTestNG.run(AbstractRemoteTestNG.java:115)
at org.testng.remote.RemoteTestNG.initAndRun(RemoteTestNG.java:251)
at org.testng.remote.RemoteTestNG.main(RemoteTestNG.java:77)
]]>
            </full-stacktrace>
          </exception> <!-- org.openqa.selenium.SessionNotCreatedException -->
          <reporter-output>
          </reporter-output>
        </test-method> <!-- verifyKgRecycledAndDelayedBonus -->
        <test-method is-config="true" signature="afterMethod(org.testng.ITestResult)[pri:0, instance:smoke_Suite.ALC_4360@7f8a9499]" started-at="2024-06-14T17:46:56 IST" name="afterMethod" finished-at="2024-06-14T17:46:56 IST" duration-ms="0" status="SKIP">
          <reporter-output>
          </reporter-output>
        </test-method> <!-- afterMethod -->
        <test-method signature="verifyDelayedBonusInApp()[pri:2, instance:smoke_Suite.ALC_4360@7f8a9499]" started-at="2024-06-14T17:46:56 IST" name="verifyDelayedBonusInApp" description="verify delayed bonus is appearing in APP for member and branch 1 and branch 2 based on the transaction" finished-at="2024-06-14T17:46:56 IST" duration-ms="0" status="SKIP">
          <exception class="org.openqa.selenium.SessionNotCreatedException">
            <message>
              <![CDATA[Could not start a new session. Response code 404. Message: The session identified by 88a4e024-cdcf-4293-8adf-fae9df5aed1f is not known 
Host info: host: 'DESKTOP-73VT5SL', ip: '192.168.1.15'
Build info: version: '4.13.0', revision: 'ba948ece5b*'
System info: os.name: 'Windows 11', os.arch: 'amd64', os.version: '10.0', java.version: '17.0.6'
Driver info: io.appium.java_client.android.AndroidDriver
Command: [null, newSession {capabilities=[{appium:appActivity=org.plasticbank.app.MainActivity, appium:appPackage=org.plasticbank.app, appium:automationName=Appium, appium:deviceName=Android Emulator, appium:newCommandTimeout=9000, platformName=ANDROID, appium:platformVersion=11.0}], desiredCapabilities=Capabilities {appActivity: org.plasticbank.app.MainAct..., appPackage: org.plasticbank.app, automationName: Appium, deviceName: Android Emulator, newCommandTimeout: 9000, platformName: ANDROID, platformVersion: 11.0}}]
Capabilities {appActivity: org.plasticbank.app.MainAct..., appPackage: org.plasticbank.app, automationName: Appium, deviceName: Android Emulator, newCommandTimeout: 9000, platformName: ANDROID, platformVersion: 11.0}]]>
            </message>
            <full-stacktrace>
              <![CDATA[org.openqa.selenium.SessionNotCreatedException: Could not start a new session. Response code 404. Message: The session identified by 88a4e024-cdcf-4293-8adf-fae9df5aed1f is not known 
Host info: host: 'DESKTOP-73VT5SL', ip: '192.168.1.15'
Build info: version: '4.13.0', revision: 'ba948ece5b*'
System info: os.name: 'Windows 11', os.arch: 'amd64', os.version: '10.0', java.version: '17.0.6'
Driver info: io.appium.java_client.android.AndroidDriver
Command: [null, newSession {capabilities=[{appium:appActivity=org.plasticbank.app.MainActivity, appium:appPackage=org.plasticbank.app, appium:automationName=Appium, appium:deviceName=Android Emulator, appium:newCommandTimeout=9000, platformName=ANDROID, appium:platformVersion=11.0}], desiredCapabilities=Capabilities {appActivity: org.plasticbank.app.MainAct..., appPackage: org.plasticbank.app, automationName: Appium, deviceName: Android Emulator, newCommandTimeout: 9000, platformName: ANDROID, platformVersion: 11.0}}]
Capabilities {appActivity: org.plasticbank.app.MainAct..., appPackage: org.plasticbank.app, automationName: Appium, deviceName: Android Emulator, newCommandTimeout: 9000, platformName: ANDROID, platformVersion: 11.0}
at org.openqa.selenium.remote.ProtocolHandshake.createSession(ProtocolHandshake.java:140)
at java.base/jdk.internal.reflect.NativeMethodAccessorImpl.invoke0(Native Method)
at java.base/jdk.internal.reflect.NativeMethodAccessorImpl.invoke(NativeMethodAccessorImpl.java:77)
at java.base/jdk.internal.reflect.DelegatingMethodAccessorImpl.invoke(DelegatingMethodAccessorImpl.java:43)
at java.base/java.lang.reflect.Method.invoke(Method.java:568)
at io.appium.java_client.remote.AppiumProtocolHandshake.createSession(AppiumProtocolHandshake.java:133)
at io.appium.java_client.remote.AppiumProtocolHandshake.createSession(AppiumProtocolHandshake.java:102)
at io.appium.java_client.remote.AppiumCommandExecutor.createSession(AppiumCommandExecutor.java:182)
at io.appium.java_client.remote.AppiumCommandExecutor.execute(AppiumCommandExecutor.java:250)
at org.openqa.selenium.remote.RemoteWebDriver.execute(RemoteWebDriver.java:602)
at io.appium.java_client.AppiumDriver.startSession(AppiumDriver.java:274)
at org.openqa.selenium.remote.RemoteWebDriver.<init>(RemoteWebDriver.java:163)
at io.appium.java_client.AppiumDriver.<init>(AppiumDriver.java:89)
at io.appium.java_client.AppiumDriver.<init>(AppiumDriver.java:101)
at io.appium.java_client.android.AndroidDriver.<init>(AndroidDriver.java:113)
at Utilities.BaseClass.setup(BaseClass.java:177)
at java.base/jdk.internal.reflect.NativeMethodAccessorImpl.invoke0(Native Method)
at java.base/jdk.internal.reflect.NativeMethodAccessorImpl.invoke(NativeMethodAccessorImpl.java:77)
at java.base/jdk.internal.reflect.DelegatingMethodAccessorImpl.invoke(DelegatingMethodAccessorImpl.java:43)
at java.base/java.lang.reflect.Method.invoke(Method.java:568)
at org.testng.internal.invokers.MethodInvocationHelper.invokeMethod(MethodInvocationHelper.java:139)
at org.testng.internal.invokers.MethodInvocationHelper.invokeMethodConsideringTimeout(MethodInvocationHelper.java:69)
at org.testng.internal.invokers.ConfigInvoker.invokeConfigurationMethod(ConfigInvoker.java:390)
at org.testng.internal.invokers.ConfigInvoker.invokeConfigurations(ConfigInvoker.java:325)
at org.testng.internal.invokers.TestMethodWorker.invokeBeforeClassMethods(TestMethodWorker.java:180)
at org.testng.internal.invokers.TestMethodWorker.run(TestMethodWorker.java:122)
at java.base/java.util.ArrayList.forEach(ArrayList.java:1511)
at org.testng.TestRunner.privateRun(TestRunner.java:848)
at org.testng.TestRunner.run(TestRunner.java:621)
at org.testng.SuiteRunner.runTest(SuiteRunner.java:443)
at org.testng.SuiteRunner.runSequentially(SuiteRunner.java:437)
at org.testng.SuiteRunner.privateRun(SuiteRunner.java:397)
at org.testng.SuiteRunner.run(SuiteRunner.java:336)
at org.testng.SuiteRunnerWorker.runSuite(SuiteRunnerWorker.java:52)
at org.testng.SuiteRunnerWorker.run(SuiteRunnerWorker.java:95)
at org.testng.TestNG.runSuitesSequentially(TestNG.java:1280)
at org.testng.TestNG.runSuitesLocally(TestNG.java:1200)
at org.testng.TestNG.runSuites(TestNG.java:1114)
at org.testng.TestNG.run(TestNG.java:1082)
at org.testng.remote.AbstractRemoteTestNG.run(AbstractRemoteTestNG.java:115)
at org.testng.remote.RemoteTestNG.initAndRun(RemoteTestNG.java:251)
at org.testng.remote.RemoteTestNG.main(RemoteTestNG.java:77)
]]>
            </full-stacktrace>
          </exception> <!-- org.openqa.selenium.SessionNotCreatedException -->
          <reporter-output>
          </reporter-output>
        </test-method> <!-- verifyDelayedBonusInApp -->
        <test-method is-config="true" signature="afterMethod(org.testng.ITestResult)[pri:0, instance:smoke_Suite.ALC_4360@7f8a9499]" started-at="2024-06-14T17:46:56 IST" name="afterMethod" finished-at="2024-06-14T17:46:56 IST" duration-ms="0" status="SKIP">
          <reporter-output>
          </reporter-output>
        </test-method> <!-- afterMethod -->
        <test-method signature="verifyBuySellTransactionInBonusOrder()[pri:3, instance:smoke_Suite.ALC_4360@7f8a9499]" started-at="2024-06-14T17:46:56 IST" name="verifyBuySellTransactionInBonusOrder" description="Bonus BUY AND SELL transactions are appearing in the Bonus order approval screen" finished-at="2024-06-14T17:46:56 IST" duration-ms="0" status="SKIP">
          <exception class="org.openqa.selenium.SessionNotCreatedException">
            <message>
              <![CDATA[Could not start a new session. Response code 404. Message: The session identified by 88a4e024-cdcf-4293-8adf-fae9df5aed1f is not known 
Host info: host: 'DESKTOP-73VT5SL', ip: '192.168.1.15'
Build info: version: '4.13.0', revision: 'ba948ece5b*'
System info: os.name: 'Windows 11', os.arch: 'amd64', os.version: '10.0', java.version: '17.0.6'
Driver info: io.appium.java_client.android.AndroidDriver
Command: [null, newSession {capabilities=[{appium:appActivity=org.plasticbank.app.MainActivity, appium:appPackage=org.plasticbank.app, appium:automationName=Appium, appium:deviceName=Android Emulator, appium:newCommandTimeout=9000, platformName=ANDROID, appium:platformVersion=11.0}], desiredCapabilities=Capabilities {appActivity: org.plasticbank.app.MainAct..., appPackage: org.plasticbank.app, automationName: Appium, deviceName: Android Emulator, newCommandTimeout: 9000, platformName: ANDROID, platformVersion: 11.0}}]
Capabilities {appActivity: org.plasticbank.app.MainAct..., appPackage: org.plasticbank.app, automationName: Appium, deviceName: Android Emulator, newCommandTimeout: 9000, platformName: ANDROID, platformVersion: 11.0}]]>
            </message>
            <full-stacktrace>
              <![CDATA[org.openqa.selenium.SessionNotCreatedException: Could not start a new session. Response code 404. Message: The session identified by 88a4e024-cdcf-4293-8adf-fae9df5aed1f is not known 
Host info: host: 'DESKTOP-73VT5SL', ip: '192.168.1.15'
Build info: version: '4.13.0', revision: 'ba948ece5b*'
System info: os.name: 'Windows 11', os.arch: 'amd64', os.version: '10.0', java.version: '17.0.6'
Driver info: io.appium.java_client.android.AndroidDriver
Command: [null, newSession {capabilities=[{appium:appActivity=org.plasticbank.app.MainActivity, appium:appPackage=org.plasticbank.app, appium:automationName=Appium, appium:deviceName=Android Emulator, appium:newCommandTimeout=9000, platformName=ANDROID, appium:platformVersion=11.0}], desiredCapabilities=Capabilities {appActivity: org.plasticbank.app.MainAct..., appPackage: org.plasticbank.app, automationName: Appium, deviceName: Android Emulator, newCommandTimeout: 9000, platformName: ANDROID, platformVersion: 11.0}}]
Capabilities {appActivity: org.plasticbank.app.MainAct..., appPackage: org.plasticbank.app, automationName: Appium, deviceName: Android Emulator, newCommandTimeout: 9000, platformName: ANDROID, platformVersion: 11.0}
at org.openqa.selenium.remote.ProtocolHandshake.createSession(ProtocolHandshake.java:140)
at java.base/jdk.internal.reflect.NativeMethodAccessorImpl.invoke0(Native Method)
at java.base/jdk.internal.reflect.NativeMethodAccessorImpl.invoke(NativeMethodAccessorImpl.java:77)
at java.base/jdk.internal.reflect.DelegatingMethodAccessorImpl.invoke(DelegatingMethodAccessorImpl.java:43)
at java.base/java.lang.reflect.Method.invoke(Method.java:568)
at io.appium.java_client.remote.AppiumProtocolHandshake.createSession(AppiumProtocolHandshake.java:133)
at io.appium.java_client.remote.AppiumProtocolHandshake.createSession(AppiumProtocolHandshake.java:102)
at io.appium.java_client.remote.AppiumCommandExecutor.createSession(AppiumCommandExecutor.java:182)
at io.appium.java_client.remote.AppiumCommandExecutor.execute(AppiumCommandExecutor.java:250)
at org.openqa.selenium.remote.RemoteWebDriver.execute(RemoteWebDriver.java:602)
at io.appium.java_client.AppiumDriver.startSession(AppiumDriver.java:274)
at org.openqa.selenium.remote.RemoteWebDriver.<init>(RemoteWebDriver.java:163)
at io.appium.java_client.AppiumDriver.<init>(AppiumDriver.java:89)
at io.appium.java_client.AppiumDriver.<init>(AppiumDriver.java:101)
at io.appium.java_client.android.AndroidDriver.<init>(AndroidDriver.java:113)
at Utilities.BaseClass.setup(BaseClass.java:177)
at java.base/jdk.internal.reflect.NativeMethodAccessorImpl.invoke0(Native Method)
at java.base/jdk.internal.reflect.NativeMethodAccessorImpl.invoke(NativeMethodAccessorImpl.java:77)
at java.base/jdk.internal.reflect.DelegatingMethodAccessorImpl.invoke(DelegatingMethodAccessorImpl.java:43)
at java.base/java.lang.reflect.Method.invoke(Method.java:568)
at org.testng.internal.invokers.MethodInvocationHelper.invokeMethod(MethodInvocationHelper.java:139)
at org.testng.internal.invokers.MethodInvocationHelper.invokeMethodConsideringTimeout(MethodInvocationHelper.java:69)
at org.testng.internal.invokers.ConfigInvoker.invokeConfigurationMethod(ConfigInvoker.java:390)
at org.testng.internal.invokers.ConfigInvoker.invokeConfigurations(ConfigInvoker.java:325)
at org.testng.internal.invokers.TestMethodWorker.invokeBeforeClassMethods(TestMethodWorker.java:180)
at org.testng.internal.invokers.TestMethodWorker.run(TestMethodWorker.java:122)
at java.base/java.util.ArrayList.forEach(ArrayList.java:1511)
at org.testng.TestRunner.privateRun(TestRunner.java:848)
at org.testng.TestRunner.run(TestRunner.java:621)
at org.testng.SuiteRunner.runTest(SuiteRunner.java:443)
at org.testng.SuiteRunner.runSequentially(SuiteRunner.java:437)
at org.testng.SuiteRunner.privateRun(SuiteRunner.java:397)
at org.testng.SuiteRunner.run(SuiteRunner.java:336)
at org.testng.SuiteRunnerWorker.runSuite(SuiteRunnerWorker.java:52)
at org.testng.SuiteRunnerWorker.run(SuiteRunnerWorker.java:95)
at org.testng.TestNG.runSuitesSequentially(TestNG.java:1280)
at org.testng.TestNG.runSuitesLocally(TestNG.java:1200)
at org.testng.TestNG.runSuites(TestNG.java:1114)
at org.testng.TestNG.run(TestNG.java:1082)
at org.testng.remote.AbstractRemoteTestNG.run(AbstractRemoteTestNG.java:115)
at org.testng.remote.RemoteTestNG.initAndRun(RemoteTestNG.java:251)
at org.testng.remote.RemoteTestNG.main(RemoteTestNG.java:77)
]]>
            </full-stacktrace>
          </exception> <!-- org.openqa.selenium.SessionNotCreatedException -->
          <reporter-output>
          </reporter-output>
        </test-method> <!-- verifyBuySellTransactionInBonusOrder -->
        <test-method is-config="true" signature="afterMethod(org.testng.ITestResult)[pri:0, instance:smoke_Suite.ALC_4360@7f8a9499]" started-at="2024-06-14T17:46:56 IST" name="afterMethod" finished-at="2024-06-14T17:46:56 IST" duration-ms="0" status="SKIP">
          <reporter-output>
          </reporter-output>
        </test-method> <!-- afterMethod -->
        <test-method signature="disablebonusAndVerifyExchangeHistory()[pri:4, instance:smoke_Suite.ALC_4360@7f8a9499]" started-at="2024-06-14T17:46:56 IST" name="disablebonusAndVerifyExchangeHistory" description="Bonus is disabled and associated bonus is dissapering in Branch1 and Branch2 Exchange History" finished-at="2024-06-14T17:46:56 IST" duration-ms="0" status="SKIP">
          <exception class="org.openqa.selenium.SessionNotCreatedException">
            <message>
              <![CDATA[Could not start a new session. Response code 404. Message: The session identified by 88a4e024-cdcf-4293-8adf-fae9df5aed1f is not known 
Host info: host: 'DESKTOP-73VT5SL', ip: '192.168.1.15'
Build info: version: '4.13.0', revision: 'ba948ece5b*'
System info: os.name: 'Windows 11', os.arch: 'amd64', os.version: '10.0', java.version: '17.0.6'
Driver info: io.appium.java_client.android.AndroidDriver
Command: [null, newSession {capabilities=[{appium:appActivity=org.plasticbank.app.MainActivity, appium:appPackage=org.plasticbank.app, appium:automationName=Appium, appium:deviceName=Android Emulator, appium:newCommandTimeout=9000, platformName=ANDROID, appium:platformVersion=11.0}], desiredCapabilities=Capabilities {appActivity: org.plasticbank.app.MainAct..., appPackage: org.plasticbank.app, automationName: Appium, deviceName: Android Emulator, newCommandTimeout: 9000, platformName: ANDROID, platformVersion: 11.0}}]
Capabilities {appActivity: org.plasticbank.app.MainAct..., appPackage: org.plasticbank.app, automationName: Appium, deviceName: Android Emulator, newCommandTimeout: 9000, platformName: ANDROID, platformVersion: 11.0}]]>
            </message>
            <full-stacktrace>
              <![CDATA[org.openqa.selenium.SessionNotCreatedException: Could not start a new session. Response code 404. Message: The session identified by 88a4e024-cdcf-4293-8adf-fae9df5aed1f is not known 
Host info: host: 'DESKTOP-73VT5SL', ip: '192.168.1.15'
Build info: version: '4.13.0', revision: 'ba948ece5b*'
System info: os.name: 'Windows 11', os.arch: 'amd64', os.version: '10.0', java.version: '17.0.6'
Driver info: io.appium.java_client.android.AndroidDriver
Command: [null, newSession {capabilities=[{appium:appActivity=org.plasticbank.app.MainActivity, appium:appPackage=org.plasticbank.app, appium:automationName=Appium, appium:deviceName=Android Emulator, appium:newCommandTimeout=9000, platformName=ANDROID, appium:platformVersion=11.0}], desiredCapabilities=Capabilities {appActivity: org.plasticbank.app.MainAct..., appPackage: org.plasticbank.app, automationName: Appium, deviceName: Android Emulator, newCommandTimeout: 9000, platformName: ANDROID, platformVersion: 11.0}}]
Capabilities {appActivity: org.plasticbank.app.MainAct..., appPackage: org.plasticbank.app, automationName: Appium, deviceName: Android Emulator, newCommandTimeout: 9000, platformName: ANDROID, platformVersion: 11.0}
at org.openqa.selenium.remote.ProtocolHandshake.createSession(ProtocolHandshake.java:140)
at java.base/jdk.internal.reflect.NativeMethodAccessorImpl.invoke0(Native Method)
at java.base/jdk.internal.reflect.NativeMethodAccessorImpl.invoke(NativeMethodAccessorImpl.java:77)
at java.base/jdk.internal.reflect.DelegatingMethodAccessorImpl.invoke(DelegatingMethodAccessorImpl.java:43)
at java.base/java.lang.reflect.Method.invoke(Method.java:568)
at io.appium.java_client.remote.AppiumProtocolHandshake.createSession(AppiumProtocolHandshake.java:133)
at io.appium.java_client.remote.AppiumProtocolHandshake.createSession(AppiumProtocolHandshake.java:102)
at io.appium.java_client.remote.AppiumCommandExecutor.createSession(AppiumCommandExecutor.java:182)
at io.appium.java_client.remote.AppiumCommandExecutor.execute(AppiumCommandExecutor.java:250)
at org.openqa.selenium.remote.RemoteWebDriver.execute(RemoteWebDriver.java:602)
at io.appium.java_client.AppiumDriver.startSession(AppiumDriver.java:274)
at org.openqa.selenium.remote.RemoteWebDriver.<init>(RemoteWebDriver.java:163)
at io.appium.java_client.AppiumDriver.<init>(AppiumDriver.java:89)
at io.appium.java_client.AppiumDriver.<init>(AppiumDriver.java:101)
at io.appium.java_client.android.AndroidDriver.<init>(AndroidDriver.java:113)
at Utilities.BaseClass.setup(BaseClass.java:177)
at java.base/jdk.internal.reflect.NativeMethodAccessorImpl.invoke0(Native Method)
at java.base/jdk.internal.reflect.NativeMethodAccessorImpl.invoke(NativeMethodAccessorImpl.java:77)
at java.base/jdk.internal.reflect.DelegatingMethodAccessorImpl.invoke(DelegatingMethodAccessorImpl.java:43)
at java.base/java.lang.reflect.Method.invoke(Method.java:568)
at org.testng.internal.invokers.MethodInvocationHelper.invokeMethod(MethodInvocationHelper.java:139)
at org.testng.internal.invokers.MethodInvocationHelper.invokeMethodConsideringTimeout(MethodInvocationHelper.java:69)
at org.testng.internal.invokers.ConfigInvoker.invokeConfigurationMethod(ConfigInvoker.java:390)
at org.testng.internal.invokers.ConfigInvoker.invokeConfigurations(ConfigInvoker.java:325)
at org.testng.internal.invokers.TestMethodWorker.invokeBeforeClassMethods(TestMethodWorker.java:180)
at org.testng.internal.invokers.TestMethodWorker.run(TestMethodWorker.java:122)
at java.base/java.util.ArrayList.forEach(ArrayList.java:1511)
at org.testng.TestRunner.privateRun(TestRunner.java:848)
at org.testng.TestRunner.run(TestRunner.java:621)
at org.testng.SuiteRunner.runTest(SuiteRunner.java:443)
at org.testng.SuiteRunner.runSequentially(SuiteRunner.java:437)
at org.testng.SuiteRunner.privateRun(SuiteRunner.java:397)
at org.testng.SuiteRunner.run(SuiteRunner.java:336)
at org.testng.SuiteRunnerWorker.runSuite(SuiteRunnerWorker.java:52)
at org.testng.SuiteRunnerWorker.run(SuiteRunnerWorker.java:95)
at org.testng.TestNG.runSuitesSequentially(TestNG.java:1280)
at org.testng.TestNG.runSuitesLocally(TestNG.java:1200)
at org.testng.TestNG.runSuites(TestNG.java:1114)
at org.testng.TestNG.run(TestNG.java:1082)
at org.testng.remote.AbstractRemoteTestNG.run(AbstractRemoteTestNG.java:115)
at org.testng.remote.RemoteTestNG.initAndRun(RemoteTestNG.java:251)
at org.testng.remote.RemoteTestNG.main(RemoteTestNG.java:77)
]]>
            </full-stacktrace>
          </exception> <!-- org.openqa.selenium.SessionNotCreatedException -->
          <reporter-output>
          </reporter-output>
        </test-method> <!-- disablebonusAndVerifyExchangeHistory -->
        <test-method is-config="true" signature="afterMethod(org.testng.ITestResult)[pri:0, instance:smoke_Suite.ALC_4360@7f8a9499]" started-at="2024-06-14T17:46:56 IST" name="afterMethod" finished-at="2024-06-14T17:46:56 IST" duration-ms="0" status="SKIP">
          <reporter-output>
          </reporter-output>
        </test-method> <!-- afterMethod -->
        <test-method signature="verifyBuySellRemovedBonusInBonusOrderSummary()[pri:5, instance:smoke_Suite.ALC_4360@7f8a9499]" started-at="2024-06-14T17:46:56 IST" name="verifyBuySellRemovedBonusInBonusOrderSummary" description="verify Buy Sell Transaction removed from BonusOrder Approval Screen |Verify after disabling, Bonus progress value in the Bonus order Summary screen is showing zero as value with 0% fulfilled status " finished-at="2024-06-14T17:46:56 IST" duration-ms="0" status="SKIP">
          <exception class="org.openqa.selenium.SessionNotCreatedException">
            <message>
              <![CDATA[Could not start a new session. Response code 404. Message: The session identified by 88a4e024-cdcf-4293-8adf-fae9df5aed1f is not known 
Host info: host: 'DESKTOP-73VT5SL', ip: '192.168.1.15'
Build info: version: '4.13.0', revision: 'ba948ece5b*'
System info: os.name: 'Windows 11', os.arch: 'amd64', os.version: '10.0', java.version: '17.0.6'
Driver info: io.appium.java_client.android.AndroidDriver
Command: [null, newSession {capabilities=[{appium:appActivity=org.plasticbank.app.MainActivity, appium:appPackage=org.plasticbank.app, appium:automationName=Appium, appium:deviceName=Android Emulator, appium:newCommandTimeout=9000, platformName=ANDROID, appium:platformVersion=11.0}], desiredCapabilities=Capabilities {appActivity: org.plasticbank.app.MainAct..., appPackage: org.plasticbank.app, automationName: Appium, deviceName: Android Emulator, newCommandTimeout: 9000, platformName: ANDROID, platformVersion: 11.0}}]
Capabilities {appActivity: org.plasticbank.app.MainAct..., appPackage: org.plasticbank.app, automationName: Appium, deviceName: Android Emulator, newCommandTimeout: 9000, platformName: ANDROID, platformVersion: 11.0}]]>
            </message>
            <full-stacktrace>
              <![CDATA[org.openqa.selenium.SessionNotCreatedException: Could not start a new session. Response code 404. Message: The session identified by 88a4e024-cdcf-4293-8adf-fae9df5aed1f is not known 
Host info: host: 'DESKTOP-73VT5SL', ip: '192.168.1.15'
Build info: version: '4.13.0', revision: 'ba948ece5b*'
System info: os.name: 'Windows 11', os.arch: 'amd64', os.version: '10.0', java.version: '17.0.6'
Driver info: io.appium.java_client.android.AndroidDriver
Command: [null, newSession {capabilities=[{appium:appActivity=org.plasticbank.app.MainActivity, appium:appPackage=org.plasticbank.app, appium:automationName=Appium, appium:deviceName=Android Emulator, appium:newCommandTimeout=9000, platformName=ANDROID, appium:platformVersion=11.0}], desiredCapabilities=Capabilities {appActivity: org.plasticbank.app.MainAct..., appPackage: org.plasticbank.app, automationName: Appium, deviceName: Android Emulator, newCommandTimeout: 9000, platformName: ANDROID, platformVersion: 11.0}}]
Capabilities {appActivity: org.plasticbank.app.MainAct..., appPackage: org.plasticbank.app, automationName: Appium, deviceName: Android Emulator, newCommandTimeout: 9000, platformName: ANDROID, platformVersion: 11.0}
at org.openqa.selenium.remote.ProtocolHandshake.createSession(ProtocolHandshake.java:140)
at java.base/jdk.internal.reflect.NativeMethodAccessorImpl.invoke0(Native Method)
at java.base/jdk.internal.reflect.NativeMethodAccessorImpl.invoke(NativeMethodAccessorImpl.java:77)
at java.base/jdk.internal.reflect.DelegatingMethodAccessorImpl.invoke(DelegatingMethodAccessorImpl.java:43)
at java.base/java.lang.reflect.Method.invoke(Method.java:568)
at io.appium.java_client.remote.AppiumProtocolHandshake.createSession(AppiumProtocolHandshake.java:133)
at io.appium.java_client.remote.AppiumProtocolHandshake.createSession(AppiumProtocolHandshake.java:102)
at io.appium.java_client.remote.AppiumCommandExecutor.createSession(AppiumCommandExecutor.java:182)
at io.appium.java_client.remote.AppiumCommandExecutor.execute(AppiumCommandExecutor.java:250)
at org.openqa.selenium.remote.RemoteWebDriver.execute(RemoteWebDriver.java:602)
at io.appium.java_client.AppiumDriver.startSession(AppiumDriver.java:274)
at org.openqa.selenium.remote.RemoteWebDriver.<init>(RemoteWebDriver.java:163)
at io.appium.java_client.AppiumDriver.<init>(AppiumDriver.java:89)
at io.appium.java_client.AppiumDriver.<init>(AppiumDriver.java:101)
at io.appium.java_client.android.AndroidDriver.<init>(AndroidDriver.java:113)
at Utilities.BaseClass.setup(BaseClass.java:177)
at java.base/jdk.internal.reflect.NativeMethodAccessorImpl.invoke0(Native Method)
at java.base/jdk.internal.reflect.NativeMethodAccessorImpl.invoke(NativeMethodAccessorImpl.java:77)
at java.base/jdk.internal.reflect.DelegatingMethodAccessorImpl.invoke(DelegatingMethodAccessorImpl.java:43)
at java.base/java.lang.reflect.Method.invoke(Method.java:568)
at org.testng.internal.invokers.MethodInvocationHelper.invokeMethod(MethodInvocationHelper.java:139)
at org.testng.internal.invokers.MethodInvocationHelper.invokeMethodConsideringTimeout(MethodInvocationHelper.java:69)
at org.testng.internal.invokers.ConfigInvoker.invokeConfigurationMethod(ConfigInvoker.java:390)
at org.testng.internal.invokers.ConfigInvoker.invokeConfigurations(ConfigInvoker.java:325)
at org.testng.internal.invokers.TestMethodWorker.invokeBeforeClassMethods(TestMethodWorker.java:180)
at org.testng.internal.invokers.TestMethodWorker.run(TestMethodWorker.java:122)
at java.base/java.util.ArrayList.forEach(ArrayList.java:1511)
at org.testng.TestRunner.privateRun(TestRunner.java:848)
at org.testng.TestRunner.run(TestRunner.java:621)
at org.testng.SuiteRunner.runTest(SuiteRunner.java:443)
at org.testng.SuiteRunner.runSequentially(SuiteRunner.java:437)
at org.testng.SuiteRunner.privateRun(SuiteRunner.java:397)
at org.testng.SuiteRunner.run(SuiteRunner.java:336)
at org.testng.SuiteRunnerWorker.runSuite(SuiteRunnerWorker.java:52)
at org.testng.SuiteRunnerWorker.run(SuiteRunnerWorker.java:95)
at org.testng.TestNG.runSuitesSequentially(TestNG.java:1280)
at org.testng.TestNG.runSuitesLocally(TestNG.java:1200)
at org.testng.TestNG.runSuites(TestNG.java:1114)
at org.testng.TestNG.run(TestNG.java:1082)
at org.testng.remote.AbstractRemoteTestNG.run(AbstractRemoteTestNG.java:115)
at org.testng.remote.RemoteTestNG.initAndRun(RemoteTestNG.java:251)
at org.testng.remote.RemoteTestNG.main(RemoteTestNG.java:77)
]]>
            </full-stacktrace>
          </exception> <!-- org.openqa.selenium.SessionNotCreatedException -->
          <reporter-output>
          </reporter-output>
        </test-method> <!-- verifyBuySellRemovedBonusInBonusOrderSummary -->
        <test-method is-config="true" signature="afterMethod(org.testng.ITestResult)[pri:0, instance:smoke_Suite.ALC_4360@7f8a9499]" started-at="2024-06-14T17:46:56 IST" name="afterMethod" finished-at="2024-06-14T17:46:56 IST" duration-ms="0" status="SKIP">
          <reporter-output>
          </reporter-output>
        </test-method> <!-- afterMethod -->
        <test-method signature="delayedBonusRemovedInApp()[pri:6, instance:smoke_Suite.ALC_4360@7f8a9499]" started-at="2024-06-14T17:46:56 IST" name="delayedBonusRemovedInApp" description="Delayed Bonus Is removed in App for Member and Branch1 and Branch2 profile screen" finished-at="2024-06-14T17:46:56 IST" duration-ms="0" status="SKIP">
          <exception class="org.openqa.selenium.SessionNotCreatedException">
            <message>
              <![CDATA[Could not start a new session. Response code 404. Message: The session identified by 88a4e024-cdcf-4293-8adf-fae9df5aed1f is not known 
Host info: host: 'DESKTOP-73VT5SL', ip: '192.168.1.15'
Build info: version: '4.13.0', revision: 'ba948ece5b*'
System info: os.name: 'Windows 11', os.arch: 'amd64', os.version: '10.0', java.version: '17.0.6'
Driver info: io.appium.java_client.android.AndroidDriver
Command: [null, newSession {capabilities=[{appium:appActivity=org.plasticbank.app.MainActivity, appium:appPackage=org.plasticbank.app, appium:automationName=Appium, appium:deviceName=Android Emulator, appium:newCommandTimeout=9000, platformName=ANDROID, appium:platformVersion=11.0}], desiredCapabilities=Capabilities {appActivity: org.plasticbank.app.MainAct..., appPackage: org.plasticbank.app, automationName: Appium, deviceName: Android Emulator, newCommandTimeout: 9000, platformName: ANDROID, platformVersion: 11.0}}]
Capabilities {appActivity: org.plasticbank.app.MainAct..., appPackage: org.plasticbank.app, automationName: Appium, deviceName: Android Emulator, newCommandTimeout: 9000, platformName: ANDROID, platformVersion: 11.0}]]>
            </message>
            <full-stacktrace>
              <![CDATA[org.openqa.selenium.SessionNotCreatedException: Could not start a new session. Response code 404. Message: The session identified by 88a4e024-cdcf-4293-8adf-fae9df5aed1f is not known 
Host info: host: 'DESKTOP-73VT5SL', ip: '192.168.1.15'
Build info: version: '4.13.0', revision: 'ba948ece5b*'
System info: os.name: 'Windows 11', os.arch: 'amd64', os.version: '10.0', java.version: '17.0.6'
Driver info: io.appium.java_client.android.AndroidDriver
Command: [null, newSession {capabilities=[{appium:appActivity=org.plasticbank.app.MainActivity, appium:appPackage=org.plasticbank.app, appium:automationName=Appium, appium:deviceName=Android Emulator, appium:newCommandTimeout=9000, platformName=ANDROID, appium:platformVersion=11.0}], desiredCapabilities=Capabilities {appActivity: org.plasticbank.app.MainAct..., appPackage: org.plasticbank.app, automationName: Appium, deviceName: Android Emulator, newCommandTimeout: 9000, platformName: ANDROID, platformVersion: 11.0}}]
Capabilities {appActivity: org.plasticbank.app.MainAct..., appPackage: org.plasticbank.app, automationName: Appium, deviceName: Android Emulator, newCommandTimeout: 9000, platformName: ANDROID, platformVersion: 11.0}
at org.openqa.selenium.remote.ProtocolHandshake.createSession(ProtocolHandshake.java:140)
at java.base/jdk.internal.reflect.NativeMethodAccessorImpl.invoke0(Native Method)
at java.base/jdk.internal.reflect.NativeMethodAccessorImpl.invoke(NativeMethodAccessorImpl.java:77)
at java.base/jdk.internal.reflect.DelegatingMethodAccessorImpl.invoke(DelegatingMethodAccessorImpl.java:43)
at java.base/java.lang.reflect.Method.invoke(Method.java:568)
at io.appium.java_client.remote.AppiumProtocolHandshake.createSession(AppiumProtocolHandshake.java:133)
at io.appium.java_client.remote.AppiumProtocolHandshake.createSession(AppiumProtocolHandshake.java:102)
at io.appium.java_client.remote.AppiumCommandExecutor.createSession(AppiumCommandExecutor.java:182)
at io.appium.java_client.remote.AppiumCommandExecutor.execute(AppiumCommandExecutor.java:250)
at org.openqa.selenium.remote.RemoteWebDriver.execute(RemoteWebDriver.java:602)
at io.appium.java_client.AppiumDriver.startSession(AppiumDriver.java:274)
at org.openqa.selenium.remote.RemoteWebDriver.<init>(RemoteWebDriver.java:163)
at io.appium.java_client.AppiumDriver.<init>(AppiumDriver.java:89)
at io.appium.java_client.AppiumDriver.<init>(AppiumDriver.java:101)
at io.appium.java_client.android.AndroidDriver.<init>(AndroidDriver.java:113)
at Utilities.BaseClass.setup(BaseClass.java:177)
at java.base/jdk.internal.reflect.NativeMethodAccessorImpl.invoke0(Native Method)
at java.base/jdk.internal.reflect.NativeMethodAccessorImpl.invoke(NativeMethodAccessorImpl.java:77)
at java.base/jdk.internal.reflect.DelegatingMethodAccessorImpl.invoke(DelegatingMethodAccessorImpl.java:43)
at java.base/java.lang.reflect.Method.invoke(Method.java:568)
at org.testng.internal.invokers.MethodInvocationHelper.invokeMethod(MethodInvocationHelper.java:139)
at org.testng.internal.invokers.MethodInvocationHelper.invokeMethodConsideringTimeout(MethodInvocationHelper.java:69)
at org.testng.internal.invokers.ConfigInvoker.invokeConfigurationMethod(ConfigInvoker.java:390)
at org.testng.internal.invokers.ConfigInvoker.invokeConfigurations(ConfigInvoker.java:325)
at org.testng.internal.invokers.TestMethodWorker.invokeBeforeClassMethods(TestMethodWorker.java:180)
at org.testng.internal.invokers.TestMethodWorker.run(TestMethodWorker.java:122)
at java.base/java.util.ArrayList.forEach(ArrayList.java:1511)
at org.testng.TestRunner.privateRun(TestRunner.java:848)
at org.testng.TestRunner.run(TestRunner.java:621)
at org.testng.SuiteRunner.runTest(SuiteRunner.java:443)
at org.testng.SuiteRunner.runSequentially(SuiteRunner.java:437)
at org.testng.SuiteRunner.privateRun(SuiteRunner.java:397)
at org.testng.SuiteRunner.run(SuiteRunner.java:336)
at org.testng.SuiteRunnerWorker.runSuite(SuiteRunnerWorker.java:52)
at org.testng.SuiteRunnerWorker.run(SuiteRunnerWorker.java:95)
at org.testng.TestNG.runSuitesSequentially(TestNG.java:1280)
at org.testng.TestNG.runSuitesLocally(TestNG.java:1200)
at org.testng.TestNG.runSuites(TestNG.java:1114)
at org.testng.TestNG.run(TestNG.java:1082)
at org.testng.remote.AbstractRemoteTestNG.run(AbstractRemoteTestNG.java:115)
at org.testng.remote.RemoteTestNG.initAndRun(RemoteTestNG.java:251)
at org.testng.remote.RemoteTestNG.main(RemoteTestNG.java:77)
]]>
            </full-stacktrace>
          </exception> <!-- org.openqa.selenium.SessionNotCreatedException -->
          <reporter-output>
          </reporter-output>
        </test-method> <!-- delayedBonusRemovedInApp -->
        <test-method is-config="true" signature="afterMethod(org.testng.ITestResult)[pri:0, instance:smoke_Suite.ALC_4360@7f8a9499]" started-at="2024-06-14T17:46:56 IST" name="afterMethod" finished-at="2024-06-14T17:46:56 IST" duration-ms="0" status="SKIP">
          <reporter-output>
          </reporter-output>
        </test-method> <!-- afterMethod -->
        <test-method is-config="true" signature="teardownalchemy()[pri:0, instance:smoke_Suite.ALC_4360@7f8a9499]" started-at="2024-06-14T17:46:56 IST" name="teardownalchemy" finished-at="2024-06-14T17:46:56 IST" duration-ms="0" status="SKIP">
          <reporter-output>
          </reporter-output>
        </test-method> <!-- teardownalchemy -->
        <test-method is-config="true" signature="teardownapp()[pri:0, instance:smoke_Suite.ALC_4360@7f8a9499]" started-at="2024-06-14T17:46:56 IST" name="teardownapp" finished-at="2024-06-14T17:46:56 IST" duration-ms="0" status="SKIP">
          <reporter-output>
          </reporter-output>
        </test-method> <!-- teardownapp -->
      </class> <!-- smoke_Suite.ALC_4360 -->
    </test> <!-- Default test -->
  </suite> <!-- Default suite -->
</testng-results>
