<?xml version="1.0" encoding="UTF-8"?>
<testng-results ignored="0" total="2" passed="2" failed="0" skipped="0">
  <reporter-output>
  </reporter-output>
  <suite started-at="2024-06-13T20:27:22 IST" name="Default suite" finished-at="2024-06-13T20:28:55 IST" duration-ms="93236">
    <groups>
    </groups>
    <test started-at="2024-06-13T20:27:22 IST" name="Default test" finished-at="2024-06-13T20:28:55 IST" duration-ms="93236">
      <class name="smoke_Suite.ALC_4355">
        <test-method is-config="true" signature="generateAndroidBenefitname()[pri:0, instance:smoke_Suite.ALC_4355@479cbee5]" started-at="2024-06-13T20:27:21 IST" name="generateAndroidBenefitname" finished-at="2024-06-13T20:27:21 IST" duration-ms="17" status="PASS">
          <reporter-output>
          </reporter-output>
        </test-method> <!-- generateAndroidBenefitname -->
        <test-method is-config="true" signature="generateBenefitName()[pri:0, instance:smoke_Suite.ALC_4355@479cbee5]" started-at="2024-06-13T20:27:21 IST" name="generateBenefitName" finished-at="2024-06-13T20:27:21 IST" duration-ms="1" status="PASS">
          <reporter-output>
          </reporter-output>
        </test-method> <!-- generateBenefitName -->
        <test-method is-config="true" signature="generateBenefitOrderName()[pri:0, instance:smoke_Suite.ALC_4355@479cbee5]" started-at="2024-06-13T20:27:21 IST" name="generateBenefitOrderName" finished-at="2024-06-13T20:27:21 IST" duration-ms="0" status="PASS">
          <reporter-output>
          </reporter-output>
        </test-method> <!-- generateBenefitOrderName -->
        <test-method is-config="true" signature="generateBonusName()[pri:0, instance:smoke_Suite.ALC_4355@479cbee5]" started-at="2024-06-13T20:27:21 IST" name="generateBonusName" finished-at="2024-06-13T20:27:21 IST" duration-ms="0" status="PASS">
          <reporter-output>
          </reporter-output>
        </test-method> <!-- generateBonusName -->
        <test-method is-config="true" signature="generateBranchMemberName()[pri:0, instance:smoke_Suite.ALC_4355@479cbee5]" started-at="2024-06-13T20:27:21 IST" name="generateBranchMemberName" finished-at="2024-06-13T20:27:21 IST" duration-ms="1" status="PASS">
          <reporter-output>
          </reporter-output>
        </test-method> <!-- generateBranchMemberName -->
        <test-method is-config="true" signature="generateRandomBranchMemberNumber()[pri:0, instance:smoke_Suite.ALC_4355@479cbee5]" started-at="2024-06-13T20:27:21 IST" name="generateRandomBranchMemberNumber" finished-at="2024-06-13T20:27:21 IST" duration-ms="1" status="PASS">
          <reporter-output>
          </reporter-output>
        </test-method> <!-- generateRandomBranchMemberNumber -->
        <test-method is-config="true" signature="generateBranchName()[pri:0, instance:smoke_Suite.ALC_4355@479cbee5]" started-at="2024-06-13T20:27:21 IST" name="generateBranchName" finished-at="2024-06-13T20:27:21 IST" duration-ms="0" status="PASS">
          <reporter-output>
          </reporter-output>
        </test-method> <!-- generateBranchName -->
        <test-method is-config="true" signature="generateRandomLastName()[pri:0, instance:smoke_Suite.ALC_4355@479cbee5]" started-at="2024-06-13T20:27:21 IST" name="generateRandomLastName" finished-at="2024-06-13T20:27:21 IST" duration-ms="1" status="PASS">
          <reporter-output>
          </reporter-output>
        </test-method> <!-- generateRandomLastName -->
        <test-method is-config="true" signature="generateRandomNumber()[pri:0, instance:smoke_Suite.ALC_4355@479cbee5]" started-at="2024-06-13T20:27:21 IST" name="generateRandomNumber" finished-at="2024-06-13T20:27:22 IST" duration-ms="1" status="PASS">
          <reporter-output>
          </reporter-output>
        </test-method> <!-- generateRandomNumber -->
        <test-method is-config="true" signature="setup()[pri:0, instance:smoke_Suite.ALC_4355@479cbee5]" started-at="2024-06-13T20:27:22 IST" name="setup" finished-at="2024-06-13T20:27:45 IST" duration-ms="23377" status="PASS">
          <reporter-output>
          </reporter-output>
        </test-method> <!-- setup -->
        <test-method signature="createBonus()[pri:0, instance:smoke_Suite.ALC_4355@479cbee5]" started-at="2024-06-13T20:27:45 IST" name="createBonus" description="User is able to create a bonus and save it." finished-at="2024-06-13T20:28:50 IST" duration-ms="64817" status="PASS">
          <reporter-output>
          </reporter-output>
        </test-method> <!-- createBonus -->
        <test-method is-config="true" signature="afterMethod(org.testng.ITestResult)[pri:0, instance:smoke_Suite.ALC_4355@479cbee5]" started-at="2024-06-13T20:28:50 IST" name="afterMethod" finished-at="2024-06-13T20:28:50 IST" duration-ms="2" status="PASS">
          <params>
            <param index="0">
              <value>
                <![CDATA[[TestResult name=createBonus status=SUCCESS method=ALC_4355.createBonus()[pri:0, instance:smoke_Suite.ALC_4355@479cbee5] output={null}]]]>
              </value>
            </param>
          </params>
          <reporter-output>
          </reporter-output>
        </test-method> <!-- afterMethod -->
        <test-method signature="editbonus()[pri:1, instance:smoke_Suite.ALC_4355@479cbee5]" started-at="2024-06-13T20:28:50 IST" name="editbonus" description="User is able to edit a bonus detail and save it." finished-at="2024-06-13T20:28:54 IST" duration-ms="4067" status="PASS">
          <reporter-output>
          </reporter-output>
        </test-method> <!-- editbonus -->
        <test-method is-config="true" signature="afterMethod(org.testng.ITestResult)[pri:0, instance:smoke_Suite.ALC_4355@479cbee5]" started-at="2024-06-13T20:28:54 IST" name="afterMethod" finished-at="2024-06-13T20:28:54 IST" duration-ms="1" status="PASS">
          <params>
            <param index="0">
              <value>
                <![CDATA[[TestResult name=editbonus status=SUCCESS method=ALC_4355.editbonus()[pri:1, instance:smoke_Suite.ALC_4355@479cbee5] output={null}]]]>
              </value>
            </param>
          </params>
          <reporter-output>
          </reporter-output>
        </test-method> <!-- afterMethod -->
        <test-method is-config="true" signature="teardownalchemy()[pri:0, instance:smoke_Suite.ALC_4355@479cbee5]" started-at="2024-06-13T20:28:54 IST" name="teardownalchemy" finished-at="2024-06-13T20:28:54 IST" duration-ms="440" status="PASS">
          <reporter-output>
          </reporter-output>
        </test-method> <!-- teardownalchemy -->
        <test-method is-config="true" signature="teardownapp()[pri:0, instance:smoke_Suite.ALC_4355@479cbee5]" started-at="2024-06-13T20:28:54 IST" name="teardownapp" finished-at="2024-06-13T20:28:55 IST" duration-ms="383" status="PASS">
          <reporter-output>
          </reporter-output>
        </test-method> <!-- teardownapp -->
      </class> <!-- smoke_Suite.ALC_4355 -->
    </test> <!-- Default test -->
  </suite> <!-- Default suite -->
</testng-results>
